[2024-07-08T18:54:35.142+0000] {local_task_job_runner.py:120} INFO - ::group::Pre task execution logs
[2024-07-08T18:54:35.157+0000] {taskinstance.py:2076} INFO - Dependencies all met for dep_context=non-requeueable deps ti=<TaskInstance: fetch_and_store_amazon_books.create_table manual__2024-07-08T18:54:28.066336+00:00 [queued]>
[2024-07-08T18:54:35.161+0000] {taskinstance.py:2076} INFO - Dependencies all met for dep_context=requeueable deps ti=<TaskInstance: fetch_and_store_amazon_books.create_table manual__2024-07-08T18:54:28.066336+00:00 [queued]>
[2024-07-08T18:54:35.162+0000] {taskinstance.py:2306} INFO - Starting attempt 1 of 2
[2024-07-08T18:54:35.169+0000] {taskinstance.py:2330} INFO - Executing <Task(PostgresOperator): create_table> on 2024-07-08 18:54:28.066336+00:00
[2024-07-08T18:54:35.182+0000] {standard_task_runner.py:90} INFO - Running: ['***', 'tasks', 'run', 'fetch_and_store_amazon_books', 'create_table', 'manual__2024-07-08T18:54:28.066336+00:00', '--job-id', '121', '--raw', '--subdir', 'DAGS_FOLDER/app.py', '--cfg-path', '/tmp/tmp6dzrggpz']
[2024-07-08T18:54:35.181+0000] {warnings.py:112} WARNING - /home/***/.local/lib/python3.12/site-packages/***/task/task_runner/standard_task_runner.py:61: DeprecationWarning: This process (pid=541) is multi-threaded, use of fork() may lead to deadlocks in the child.
  pid = os.fork()

[2024-07-08T18:54:35.183+0000] {standard_task_runner.py:91} INFO - Job 121: Subtask create_table
[2024-07-08T18:54:35.183+0000] {standard_task_runner.py:63} INFO - Started process 543 to run task
[2024-07-08T18:54:35.246+0000] {task_command.py:426} INFO - Running <TaskInstance: fetch_and_store_amazon_books.create_table manual__2024-07-08T18:54:28.066336+00:00 [running]> on host e7c2148586a4
[2024-07-08T18:54:35.315+0000] {taskinstance.py:2648} INFO - Exporting env vars: AIRFLOW_CTX_DAG_OWNER='***' AIRFLOW_CTX_DAG_ID='fetch_and_store_amazon_books' AIRFLOW_CTX_TASK_ID='create_table' AIRFLOW_CTX_EXECUTION_DATE='2024-07-08T18:54:28.066336+00:00' AIRFLOW_CTX_TRY_NUMBER='1' AIRFLOW_CTX_DAG_RUN_ID='manual__2024-07-08T18:54:28.066336+00:00'
[2024-07-08T18:54:35.317+0000] {taskinstance.py:430} INFO - ::endgroup::
[2024-07-08T18:54:35.318+0000] {sql.py:276} INFO - Executing: 
    CREATE TABLE IF NOT EXISTS books (
        id SERIAL PRIMARY KEY,
        title TEXT NOT NULL,
        authors TEXT,
        price TEXT,
        rating TEXT
    );
    
[2024-07-08T18:54:35.324+0000] {base.py:84} INFO - Using connection ID 'books_connection' for task execution.
[2024-07-08T18:54:35.331+0000] {base.py:84} INFO - Using connection ID 'books_connection' for task execution.
[2024-07-08T18:54:35.336+0000] {sql.py:487} INFO - Running statement: 
    CREATE TABLE IF NOT EXISTS books (
        id SERIAL PRIMARY KEY,
        title TEXT NOT NULL,
        authors TEXT,
        price TEXT,
        rating TEXT
    );
    , parameters: None
[2024-07-08T18:54:35.337+0000] {taskinstance.py:441} INFO - ::group::Post task execution logs
[2024-07-08T18:54:35.343+0000] {taskinstance.py:1206} INFO - Marking task as SUCCESS. dag_id=fetch_and_store_amazon_books, task_id=create_table, run_id=manual__2024-07-08T18:54:28.066336+00:00, execution_date=20240708T185428, start_date=20240708T185435, end_date=20240708T185435
[2024-07-08T18:54:35.368+0000] {local_task_job_runner.py:240} INFO - Task exited with return code 0
[2024-07-08T18:54:35.382+0000] {warnings.py:112} WARNING - /home/***/.local/lib/python3.12/site-packages/***/models/baseoperator.py:1297: AirflowProviderDeprecationWarning: Call to deprecated class PostgresOperator. (Please use `***.providers.common.sql.operators.sql.SQLExecuteQueryOperator`.Also, you can provide `hook_params={'schema': <database>}`.)
  result = cls.__new__(cls)

[2024-07-08T18:54:35.393+0000] {taskinstance.py:3503} INFO - 1 downstream tasks scheduled from follow-on schedule check
[2024-07-08T18:54:35.394+0000] {local_task_job_runner.py:222} INFO - ::endgroup::
