[2024-07-08T17:19:40.049+0000] {local_task_job_runner.py:120} INFO - ::group::Pre task execution logs
[2024-07-08T17:19:41.377+0000] {taskinstance.py:2076} INFO - Dependencies all met for dep_context=non-requeueable deps ti=<TaskInstance: fetch_and_store_amazon_books.create_table manual__2024-07-08T17:17:33.534852+00:00 [queued]>
[2024-07-08T17:19:41.458+0000] {taskinstance.py:2076} INFO - Dependencies all met for dep_context=requeueable deps ti=<TaskInstance: fetch_and_store_amazon_books.create_table manual__2024-07-08T17:17:33.534852+00:00 [queued]>
[2024-07-08T17:19:41.470+0000] {taskinstance.py:2306} INFO - Starting attempt 1 of 2
[2024-07-08T17:19:41.721+0000] {taskinstance.py:2330} INFO - Executing <Task(PostgresOperator): create_table> on 2024-07-08 17:17:33.534852+00:00
[2024-07-08T17:19:41.809+0000] {warnings.py:112} WARNING - /home/***/.local/lib/python3.12/site-packages/***/task/task_runner/standard_task_runner.py:61: DeprecationWarning: This process (pid=229) is multi-threaded, use of fork() may lead to deadlocks in the child.
  pid = os.fork()

[2024-07-08T17:19:41.825+0000] {standard_task_runner.py:63} INFO - Started process 265 to run task
[2024-07-08T17:19:41.827+0000] {standard_task_runner.py:90} INFO - Running: ['***', 'tasks', 'run', 'fetch_and_store_amazon_books', 'create_table', 'manual__2024-07-08T17:17:33.534852+00:00', '--job-id', '13', '--raw', '--subdir', 'DAGS_FOLDER/app.py', '--cfg-path', '/tmp/tmpqof0lgaa']
[2024-07-08T17:19:41.833+0000] {standard_task_runner.py:91} INFO - Job 13: Subtask create_table
[2024-07-08T17:19:42.677+0000] {task_command.py:426} INFO - Running <TaskInstance: fetch_and_store_amazon_books.create_table manual__2024-07-08T17:17:33.534852+00:00 [running]> on host 75379950ed90
[2024-07-08T17:19:43.669+0000] {taskinstance.py:2648} INFO - Exporting env vars: AIRFLOW_CTX_DAG_OWNER='***' AIRFLOW_CTX_DAG_ID='fetch_and_store_amazon_books' AIRFLOW_CTX_TASK_ID='create_table' AIRFLOW_CTX_EXECUTION_DATE='2024-07-08T17:17:33.534852+00:00' AIRFLOW_CTX_TRY_NUMBER='1' AIRFLOW_CTX_DAG_RUN_ID='manual__2024-07-08T17:17:33.534852+00:00'
[2024-07-08T17:19:43.770+0000] {taskinstance.py:430} INFO - ::endgroup::
[2024-07-08T17:19:43.775+0000] {sql.py:276} INFO - Executing: 
    CREATE TABLE IF NOT EXISTS books (
        id SERIAL PRIMARY KEY,
        title TEXT NOT NULL,
        authors TEXT,
        price TEXT,
        rating TEXT
    );
    
[2024-07-08T17:19:43.837+0000] {base.py:84} INFO - Using connection ID 'books_connection' for task execution.
[2024-07-08T17:19:43.867+0000] {base.py:84} INFO - Using connection ID 'books_connection' for task execution.
[2024-07-08T17:19:43.903+0000] {sql.py:487} INFO - Running statement: 
    CREATE TABLE IF NOT EXISTS books (
        id SERIAL PRIMARY KEY,
        title TEXT NOT NULL,
        authors TEXT,
        price TEXT,
        rating TEXT
    );
    , parameters: None
[2024-07-08T17:19:44.116+0000] {taskinstance.py:441} INFO - ::group::Post task execution logs
[2024-07-08T17:19:44.298+0000] {taskinstance.py:1206} INFO - Marking task as SUCCESS. dag_id=fetch_and_store_amazon_books, task_id=create_table, run_id=manual__2024-07-08T17:17:33.534852+00:00, execution_date=20240708T171733, start_date=20240708T171941, end_date=20240708T171944
[2024-07-08T17:19:44.494+0000] {local_task_job_runner.py:240} INFO - Task exited with return code 0
[2024-07-08T17:19:44.688+0000] {warnings.py:112} WARNING - /home/***/.local/lib/python3.12/site-packages/***/models/baseoperator.py:1297: AirflowProviderDeprecationWarning: Call to deprecated class PostgresOperator. (Please use `***.providers.common.sql.operators.sql.SQLExecuteQueryOperator`.Also, you can provide `hook_params={'schema': <database>}`.)
  result = cls.__new__(cls)

[2024-07-08T17:19:44.864+0000] {taskinstance.py:3503} INFO - 1 downstream tasks scheduled from follow-on schedule check
[2024-07-08T17:19:44.872+0000] {local_task_job_runner.py:222} INFO - ::endgroup::
