[2024-07-08T18:54:37.740+0000] {local_task_job_runner.py:120} INFO - ::group::Pre task execution logs
[2024-07-08T18:54:37.759+0000] {taskinstance.py:2076} INFO - Dependencies all met for dep_context=non-requeueable deps ti=<TaskInstance: fetch_and_store_amazon_books.insert_book_data manual__2024-07-08T18:54:28.066336+00:00 [queued]>
[2024-07-08T18:54:37.764+0000] {taskinstance.py:2076} INFO - Dependencies all met for dep_context=requeueable deps ti=<TaskInstance: fetch_and_store_amazon_books.insert_book_data manual__2024-07-08T18:54:28.066336+00:00 [queued]>
[2024-07-08T18:54:37.765+0000] {taskinstance.py:2306} INFO - Starting attempt 1 of 2
[2024-07-08T18:54:37.772+0000] {taskinstance.py:2330} INFO - Executing <Task(PythonOperator): insert_book_data> on 2024-07-08 18:54:28.066336+00:00
[2024-07-08T18:54:37.784+0000] {warnings.py:112} WARNING - /home/***/.local/lib/python3.12/site-packages/***/task/task_runner/standard_task_runner.py:61: DeprecationWarning: This process (pid=544) is multi-threaded, use of fork() may lead to deadlocks in the child.
  pid = os.fork()

[2024-07-08T18:54:37.785+0000] {standard_task_runner.py:90} INFO - Running: ['***', 'tasks', 'run', 'fetch_and_store_amazon_books', 'insert_book_data', 'manual__2024-07-08T18:54:28.066336+00:00', '--job-id', '122', '--raw', '--subdir', 'DAGS_FOLDER/app.py', '--cfg-path', '/tmp/tmp6ncootzx']
[2024-07-08T18:54:37.787+0000] {standard_task_runner.py:63} INFO - Started process 546 to run task
[2024-07-08T18:54:37.787+0000] {standard_task_runner.py:91} INFO - Job 122: Subtask insert_book_data
[2024-07-08T18:54:37.833+0000] {task_command.py:426} INFO - Running <TaskInstance: fetch_and_store_amazon_books.insert_book_data manual__2024-07-08T18:54:28.066336+00:00 [running]> on host e7c2148586a4
[2024-07-08T18:54:37.905+0000] {taskinstance.py:2648} INFO - Exporting env vars: AIRFLOW_CTX_DAG_OWNER='***' AIRFLOW_CTX_DAG_ID='fetch_and_store_amazon_books' AIRFLOW_CTX_TASK_ID='insert_book_data' AIRFLOW_CTX_EXECUTION_DATE='2024-07-08T18:54:28.066336+00:00' AIRFLOW_CTX_TRY_NUMBER='1' AIRFLOW_CTX_DAG_RUN_ID='manual__2024-07-08T18:54:28.066336+00:00'
[2024-07-08T18:54:37.906+0000] {taskinstance.py:430} INFO - ::endgroup::
[2024-07-08T18:54:37.918+0000] {base.py:84} INFO - Using connection ID 'books_connection' for task execution.
[2024-07-08T18:54:37.922+0000] {sql.py:487} INFO - Running statement: 
    INSERT INTO books (title, authors, price, rating)
    VALUES (%s, %s, %s, %s)
    , parameters: ('DATA ENGINEERING AND AI FOR BEGINNERS: Revolutionizing Data Processing and Analytics by Leveraging Artificial Intelligence for Efficient Input Collection, Storage, and Transformation (World of AI)', 'Paperback', '13.', '4.4 out of 5 stars')
[2024-07-08T18:54:37.924+0000] {sql.py:496} INFO - Rows affected: 1
[2024-07-08T18:54:37.928+0000] {base.py:84} INFO - Using connection ID 'books_connection' for task execution.
[2024-07-08T18:54:37.930+0000] {sql.py:487} INFO - Running statement: 
    INSERT INTO books (title, authors, price, rating)
    VALUES (%s, %s, %s, %s)
    , parameters: ('Data Engineering with AWS - Second Edition: Acquire the skills to design and build AWS-based data transformation pipelines like a pro', 'Gareth Eagar', '41.', '4.6 out of 5 stars')
[2024-07-08T18:54:37.931+0000] {sql.py:496} INFO - Rows affected: 1
[2024-07-08T18:54:37.934+0000] {base.py:84} INFO - Using connection ID 'books_connection' for task execution.
[2024-07-08T18:54:37.936+0000] {sql.py:487} INFO - Running statement: 
    INSERT INTO books (title, authors, price, rating)
    VALUES (%s, %s, %s, %s)
    , parameters: ('Data Engineering with Alteryx: Helping data engineers apply DataOps practices with Alteryx', 'Paul Houghton', '46.', '4.3 out of 5 stars')
[2024-07-08T18:54:37.937+0000] {sql.py:496} INFO - Rows affected: 1
[2024-07-08T18:54:37.940+0000] {base.py:84} INFO - Using connection ID 'books_connection' for task execution.
[2024-07-08T18:54:37.942+0000] {sql.py:487} INFO - Running statement: 
    INSERT INTO books (title, authors, price, rating)
    VALUES (%s, %s, %s, %s)
    , parameters: ("Azure Data Factory Cookbook - Second Edition: A data engineer's guide to building and managing ETL and ELT pipelines with data integration", 'Dmitry Foshin', '52.', '4.5 out of 5 stars')
[2024-07-08T18:54:37.943+0000] {sql.py:496} INFO - Rows affected: 1
[2024-07-08T18:54:37.947+0000] {base.py:84} INFO - Using connection ID 'books_connection' for task execution.
[2024-07-08T18:54:37.949+0000] {sql.py:487} INFO - Running statement: 
    INSERT INTO books (title, authors, price, rating)
    VALUES (%s, %s, %s, %s)
    , parameters: ('Fundamentals of Data Engineering: Plan and Build Robust Data Systems', 'Audible Audiobook', '0.', '4.7 out of 5 stars')
[2024-07-08T18:54:37.949+0000] {sql.py:496} INFO - Rows affected: 1
[2024-07-08T18:54:37.950+0000] {python.py:237} INFO - Done. Returned value was: None
[2024-07-08T18:54:37.950+0000] {taskinstance.py:441} INFO - ::group::Post task execution logs
[2024-07-08T18:54:37.955+0000] {taskinstance.py:1206} INFO - Marking task as SUCCESS. dag_id=fetch_and_store_amazon_books, task_id=insert_book_data, run_id=manual__2024-07-08T18:54:28.066336+00:00, execution_date=20240708T185428, start_date=20240708T185437, end_date=20240708T185437
[2024-07-08T18:54:37.974+0000] {local_task_job_runner.py:240} INFO - Task exited with return code 0
[2024-07-08T18:54:37.991+0000] {taskinstance.py:3503} INFO - 0 downstream tasks scheduled from follow-on schedule check
[2024-07-08T18:54:37.992+0000] {local_task_job_runner.py:222} INFO - ::endgroup::
