[2024-07-08T18:13:04.589+0000] {local_task_job_runner.py:120} INFO - ::group::Pre task execution logs
[2024-07-08T18:13:04.613+0000] {taskinstance.py:2076} INFO - Dependencies all met for dep_context=non-requeueable deps ti=<TaskInstance: fetch_and_store_amazon_books.create_table manual__2024-07-08T18:12:57.162466+00:00 [queued]>
[2024-07-08T18:13:04.618+0000] {taskinstance.py:2076} INFO - Dependencies all met for dep_context=requeueable deps ti=<TaskInstance: fetch_and_store_amazon_books.create_table manual__2024-07-08T18:12:57.162466+00:00 [queued]>
[2024-07-08T18:13:04.618+0000] {taskinstance.py:2306} INFO - Starting attempt 1 of 2
[2024-07-08T18:13:04.626+0000] {taskinstance.py:2330} INFO - Executing <Task(PostgresOperator): create_table> on 2024-07-08 18:12:57.162466+00:00
[2024-07-08T18:13:04.634+0000] {warnings.py:112} WARNING - /home/***/.local/lib/python3.12/site-packages/***/task/task_runner/standard_task_runner.py:61: DeprecationWarning: This process (pid=107) is multi-threaded, use of fork() may lead to deadlocks in the child.
  pid = os.fork()

[2024-07-08T18:13:04.635+0000] {standard_task_runner.py:63} INFO - Started process 109 to run task
[2024-07-08T18:13:04.636+0000] {standard_task_runner.py:90} INFO - Running: ['***', 'tasks', 'run', 'fetch_and_store_amazon_books', 'create_table', 'manual__2024-07-08T18:12:57.162466+00:00', '--job-id', '86', '--raw', '--subdir', 'DAGS_FOLDER/app.py', '--cfg-path', '/tmp/tmp5s3xbwo8']
[2024-07-08T18:13:04.637+0000] {standard_task_runner.py:91} INFO - Job 86: Subtask create_table
[2024-07-08T18:13:04.662+0000] {task_command.py:426} INFO - Running <TaskInstance: fetch_and_store_amazon_books.create_table manual__2024-07-08T18:12:57.162466+00:00 [running]> on host e7c2148586a4
[2024-07-08T18:13:04.715+0000] {taskinstance.py:2648} INFO - Exporting env vars: AIRFLOW_CTX_DAG_OWNER='***' AIRFLOW_CTX_DAG_ID='fetch_and_store_amazon_books' AIRFLOW_CTX_TASK_ID='create_table' AIRFLOW_CTX_EXECUTION_DATE='2024-07-08T18:12:57.162466+00:00' AIRFLOW_CTX_TRY_NUMBER='1' AIRFLOW_CTX_DAG_RUN_ID='manual__2024-07-08T18:12:57.162466+00:00'
[2024-07-08T18:13:04.717+0000] {taskinstance.py:430} INFO - ::endgroup::
[2024-07-08T18:13:04.717+0000] {sql.py:276} INFO - Executing: 
    CREATE TABLE IF NOT EXISTS books (
        id SERIAL PRIMARY KEY,
        title TEXT NOT NULL,
        authors TEXT,
        price TEXT,
        rating TEXT
    );
    
[2024-07-08T18:13:04.723+0000] {base.py:84} INFO - Using connection ID 'books_connection' for task execution.
[2024-07-08T18:13:04.729+0000] {base.py:84} INFO - Using connection ID 'books_connection' for task execution.
[2024-07-08T18:14:19.743+0000] {taskinstance.py:441} INFO - ::group::Post task execution logs
[2024-07-08T18:14:19.766+0000] {taskinstance.py:2905} ERROR - Task failed with exception
Traceback (most recent call last):
  File "/home/airflow/.local/lib/python3.12/site-packages/airflow/models/taskinstance.py", line 465, in _execute_task
    result = _execute_callable(context=context, **execute_callable_kwargs)
             ^^^^^^^^^^^^^^^^^^^^^^^^^^^^^^^^^^^^^^^^^^^^^^^^^^^^^^^^^^^^^
  File "/home/airflow/.local/lib/python3.12/site-packages/airflow/models/taskinstance.py", line 432, in _execute_callable
    return execute_callable(context=context, **execute_callable_kwargs)
           ^^^^^^^^^^^^^^^^^^^^^^^^^^^^^^^^^^^^^^^^^^^^^^^^^^^^^^^^^^^^
  File "/home/airflow/.local/lib/python3.12/site-packages/airflow/models/baseoperator.py", line 401, in wrapper
    return func(self, *args, **kwargs)
           ^^^^^^^^^^^^^^^^^^^^^^^^^^^
  File "/home/airflow/.local/lib/python3.12/site-packages/airflow/providers/common/sql/operators/sql.py", line 282, in execute
    output = hook.run(
             ^^^^^^^^^
  File "/home/airflow/.local/lib/python3.12/site-packages/airflow/providers/common/sql/hooks/sql.py", line 431, in run
    with self._create_autocommit_connection(autocommit) as conn:
  File "/usr/local/lib/python3.12/contextlib.py", line 137, in __enter__
    return next(self.gen)
           ^^^^^^^^^^^^^^
  File "/home/airflow/.local/lib/python3.12/site-packages/airflow/providers/common/sql/hooks/sql.py", line 551, in _create_autocommit_connection
    with closing(self.get_conn()) as conn:
                 ^^^^^^^^^^^^^^^
  File "/home/airflow/.local/lib/python3.12/site-packages/airflow/providers/postgres/hooks/postgres.py", line 175, in get_conn
    self.conn = psycopg2.connect(**conn_args)
                ^^^^^^^^^^^^^^^^^^^^^^^^^^^^^
  File "/home/airflow/.local/lib/python3.12/site-packages/psycopg2/__init__.py", line 122, in connect
    conn = _connect(dsn, connection_factory=connection_factory, **kwasync)
           ^^^^^^^^^^^^^^^^^^^^^^^^^^^^^^^^^^^^^^^^^^^^^^^^^^^^^^^^^^^^^^^
psycopg2.OperationalError: connection to server at "172.18.0.2", port 5432 failed: Connection refused
	Is the server running on that host and accepting TCP/IP connections?

[2024-07-08T18:14:19.798+0000] {taskinstance.py:1206} INFO - Marking task as UP_FOR_RETRY. dag_id=fetch_and_store_amazon_books, task_id=create_table, run_id=manual__2024-07-08T18:12:57.162466+00:00, execution_date=20240708T181257, start_date=20240708T181304, end_date=20240708T181419
[2024-07-08T18:14:19.827+0000] {standard_task_runner.py:110} ERROR - Failed to execute job 86 for task create_table (connection to server at "172.18.0.2", port 5432 failed: Connection refused
	Is the server running on that host and accepting TCP/IP connections?
; 109)
[2024-07-08T18:14:19.858+0000] {local_task_job_runner.py:240} INFO - Task exited with return code 1
[2024-07-08T18:14:19.883+0000] {warnings.py:112} WARNING - /home/***/.local/lib/python3.12/site-packages/***/models/baseoperator.py:1297: AirflowProviderDeprecationWarning: Call to deprecated class PostgresOperator. (Please use `***.providers.common.sql.operators.sql.SQLExecuteQueryOperator`.Also, you can provide `hook_params={'schema': <database>}`.)
  result = cls.__new__(cls)

[2024-07-08T18:14:19.906+0000] {taskinstance.py:3503} INFO - 0 downstream tasks scheduled from follow-on schedule check
[2024-07-08T18:14:19.908+0000] {local_task_job_runner.py:222} INFO - ::endgroup::
