[2024-07-08T17:18:18.291+0000] {local_task_job_runner.py:120} INFO - ::group::Pre task execution logs
[2024-07-08T17:18:19.043+0000] {taskinstance.py:2076} INFO - Dependencies all met for dep_context=non-requeueable deps ti=<TaskInstance: fetch_and_store_amazon_books.fetch_book_data manual__2024-07-08T17:17:33.534852+00:00 [queued]>
[2024-07-08T17:18:19.172+0000] {taskinstance.py:2076} INFO - Dependencies all met for dep_context=requeueable deps ti=<TaskInstance: fetch_and_store_amazon_books.fetch_book_data manual__2024-07-08T17:17:33.534852+00:00 [queued]>
[2024-07-08T17:18:19.180+0000] {taskinstance.py:2306} INFO - Starting attempt 1 of 2
[2024-07-08T17:18:19.321+0000] {taskinstance.py:2330} INFO - Executing <Task(PythonOperator): fetch_book_data> on 2024-07-08 17:17:33.534852+00:00
[2024-07-08T17:18:19.426+0000] {warnings.py:112} WARNING - /home/***/.local/lib/python3.12/site-packages/***/task/task_runner/standard_task_runner.py:61: DeprecationWarning: This process (pid=189) is multi-threaded, use of fork() may lead to deadlocks in the child.
  pid = os.fork()

[2024-07-08T17:18:19.442+0000] {standard_task_runner.py:63} INFO - Started process 228 to run task
[2024-07-08T17:18:19.471+0000] {standard_task_runner.py:90} INFO - Running: ['***', 'tasks', 'run', 'fetch_and_store_amazon_books', 'fetch_book_data', 'manual__2024-07-08T17:17:33.534852+00:00', '--job-id', '5', '--raw', '--subdir', 'DAGS_FOLDER/app.py', '--cfg-path', '/tmp/tmp865bcmze']
[2024-07-08T17:18:19.488+0000] {standard_task_runner.py:91} INFO - Job 5: Subtask fetch_book_data
[2024-07-08T17:18:20.161+0000] {task_command.py:426} INFO - Running <TaskInstance: fetch_and_store_amazon_books.fetch_book_data manual__2024-07-08T17:17:33.534852+00:00 [running]> on host 75379950ed90
[2024-07-08T17:18:20.819+0000] {taskinstance.py:2648} INFO - Exporting env vars: AIRFLOW_CTX_DAG_OWNER='***' AIRFLOW_CTX_DAG_ID='fetch_and_store_amazon_books' AIRFLOW_CTX_TASK_ID='fetch_book_data' AIRFLOW_CTX_EXECUTION_DATE='2024-07-08T17:17:33.534852+00:00' AIRFLOW_CTX_TRY_NUMBER='1' AIRFLOW_CTX_DAG_RUN_ID='manual__2024-07-08T17:17:33.534852+00:00'
[2024-07-08T17:18:20.850+0000] {taskinstance.py:430} INFO - ::endgroup::
[2024-07-08T17:18:27.262+0000] {python.py:237} INFO - Done. Returned value was: None
[2024-07-08T17:18:27.301+0000] {taskinstance.py:441} INFO - ::group::Post task execution logs
[2024-07-08T17:18:27.629+0000] {taskinstance.py:1206} INFO - Marking task as SUCCESS. dag_id=fetch_and_store_amazon_books, task_id=fetch_book_data, run_id=manual__2024-07-08T17:17:33.534852+00:00, execution_date=20240708T171733, start_date=20240708T171819, end_date=20240708T171827
[2024-07-08T17:18:28.147+0000] {local_task_job_runner.py:240} INFO - Task exited with return code 0
[2024-07-08T17:18:28.361+0000] {warnings.py:112} WARNING - /home/***/.local/lib/python3.12/site-packages/***/models/baseoperator.py:1297: AirflowProviderDeprecationWarning: Call to deprecated class PostgresOperator. (Please use `***.providers.common.sql.operators.sql.SQLExecuteQueryOperator`.Also, you can provide `hook_params={'schema': <database>}`.)
  result = cls.__new__(cls)

[2024-07-08T17:18:28.500+0000] {taskinstance.py:3503} INFO - 1 downstream tasks scheduled from follow-on schedule check
[2024-07-08T17:18:28.515+0000] {local_task_job_runner.py:222} INFO - ::endgroup::
