[2024-07-08T17:25:14.095+0000] {local_task_job_runner.py:120} INFO - ::group::Pre task execution logs
[2024-07-08T17:25:14.493+0000] {taskinstance.py:2076} INFO - Dependencies all met for dep_context=non-requeueable deps ti=<TaskInstance: fetch_and_store_amazon_books.create_table scheduled__2024-07-02T00:00:00+00:00 [queued]>
[2024-07-08T17:25:14.552+0000] {taskinstance.py:2076} INFO - Dependencies all met for dep_context=requeueable deps ti=<TaskInstance: fetch_and_store_amazon_books.create_table scheduled__2024-07-02T00:00:00+00:00 [queued]>
[2024-07-08T17:25:14.553+0000] {taskinstance.py:2306} INFO - Starting attempt 1 of 2
[2024-07-08T17:25:14.615+0000] {taskinstance.py:2330} INFO - Executing <Task(PostgresOperator): create_table> on 2024-07-02 00:00:00+00:00
[2024-07-08T17:25:14.670+0000] {warnings.py:112} WARNING - /home/***/.local/lib/python3.12/site-packages/***/task/task_runner/standard_task_runner.py:61: DeprecationWarning: This process (pid=393) is multi-threaded, use of fork() may lead to deadlocks in the child.
  pid = os.fork()

[2024-07-08T17:25:14.719+0000] {standard_task_runner.py:63} INFO - Started process 429 to run task
[2024-07-08T17:25:14.716+0000] {standard_task_runner.py:90} INFO - Running: ['***', 'tasks', 'run', 'fetch_and_store_amazon_books', 'create_table', 'scheduled__2024-07-02T00:00:00+00:00', '--job-id', '47', '--raw', '--subdir', 'DAGS_FOLDER/app.py', '--cfg-path', '/tmp/tmpw4ulrw33']
[2024-07-08T17:25:14.724+0000] {standard_task_runner.py:91} INFO - Job 47: Subtask create_table
[2024-07-08T17:25:16.556+0000] {task_command.py:426} INFO - Running <TaskInstance: fetch_and_store_amazon_books.create_table scheduled__2024-07-02T00:00:00+00:00 [running]> on host 75379950ed90
[2024-07-08T17:25:25.677+0000] {taskinstance.py:2648} INFO - Exporting env vars: AIRFLOW_CTX_DAG_OWNER='***' AIRFLOW_CTX_DAG_ID='fetch_and_store_amazon_books' AIRFLOW_CTX_TASK_ID='create_table' AIRFLOW_CTX_EXECUTION_DATE='2024-07-02T00:00:00+00:00' AIRFLOW_CTX_TRY_NUMBER='1' AIRFLOW_CTX_DAG_RUN_ID='scheduled__2024-07-02T00:00:00+00:00'
[2024-07-08T17:25:25.714+0000] {taskinstance.py:430} INFO - ::endgroup::
[2024-07-08T17:25:25.719+0000] {sql.py:276} INFO - Executing: 
    CREATE TABLE IF NOT EXISTS books (
        id SERIAL PRIMARY KEY,
        title TEXT NOT NULL,
        authors TEXT,
        price TEXT,
        rating TEXT
    );
    
[2024-07-08T17:25:25.827+0000] {base.py:84} INFO - Using connection ID 'books_connection' for task execution.
[2024-07-08T17:25:26.062+0000] {base.py:84} INFO - Using connection ID 'books_connection' for task execution.
[2024-07-08T17:25:26.166+0000] {sql.py:487} INFO - Running statement: 
    CREATE TABLE IF NOT EXISTS books (
        id SERIAL PRIMARY KEY,
        title TEXT NOT NULL,
        authors TEXT,
        price TEXT,
        rating TEXT
    );
    , parameters: None
[2024-07-08T17:25:26.230+0000] {taskinstance.py:441} INFO - ::group::Post task execution logs
[2024-07-08T17:25:26.399+0000] {taskinstance.py:1206} INFO - Marking task as SUCCESS. dag_id=fetch_and_store_amazon_books, task_id=create_table, run_id=scheduled__2024-07-02T00:00:00+00:00, execution_date=20240702T000000, start_date=20240708T172514, end_date=20240708T172526
[2024-07-08T17:25:26.683+0000] {local_task_job_runner.py:240} INFO - Task exited with return code 0
[2024-07-08T17:25:27.036+0000] {warnings.py:112} WARNING - /home/***/.local/lib/python3.12/site-packages/***/models/baseoperator.py:1297: AirflowProviderDeprecationWarning: Call to deprecated class PostgresOperator. (Please use `***.providers.common.sql.operators.sql.SQLExecuteQueryOperator`.Also, you can provide `hook_params={'schema': <database>}`.)
  result = cls.__new__(cls)

[2024-07-08T17:25:27.317+0000] {taskinstance.py:3503} INFO - 1 downstream tasks scheduled from follow-on schedule check
[2024-07-08T17:25:27.325+0000] {local_task_job_runner.py:222} INFO - ::endgroup::
