[2024-07-08T18:55:18.432+0000] {local_task_job_runner.py:120} INFO - ::group::Pre task execution logs
[2024-07-08T18:55:18.452+0000] {taskinstance.py:2076} INFO - Dependencies all met for dep_context=non-requeueable deps ti=<TaskInstance: fetch_and_store_amazon_books.insert_book_data manual__2024-07-08T18:55:09.216295+00:00 [queued]>
[2024-07-08T18:55:18.457+0000] {taskinstance.py:2076} INFO - Dependencies all met for dep_context=requeueable deps ti=<TaskInstance: fetch_and_store_amazon_books.insert_book_data manual__2024-07-08T18:55:09.216295+00:00 [queued]>
[2024-07-08T18:55:18.458+0000] {taskinstance.py:2306} INFO - Starting attempt 1 of 2
[2024-07-08T18:55:18.469+0000] {taskinstance.py:2330} INFO - Executing <Task(PythonOperator): insert_book_data> on 2024-07-08 18:55:09.216295+00:00
[2024-07-08T18:55:18.478+0000] {warnings.py:112} WARNING - /home/***/.local/lib/python3.12/site-packages/***/task/task_runner/standard_task_runner.py:61: DeprecationWarning: This process (pid=567) is multi-threaded, use of fork() may lead to deadlocks in the child.
  pid = os.fork()

[2024-07-08T18:55:18.480+0000] {standard_task_runner.py:63} INFO - Started process 569 to run task
[2024-07-08T18:55:18.480+0000] {standard_task_runner.py:90} INFO - Running: ['***', 'tasks', 'run', 'fetch_and_store_amazon_books', 'insert_book_data', 'manual__2024-07-08T18:55:09.216295+00:00', '--job-id', '125', '--raw', '--subdir', 'DAGS_FOLDER/app.py', '--cfg-path', '/tmp/tmptzlcivwv']
[2024-07-08T18:55:18.482+0000] {standard_task_runner.py:91} INFO - Job 125: Subtask insert_book_data
[2024-07-08T18:55:18.527+0000] {task_command.py:426} INFO - Running <TaskInstance: fetch_and_store_amazon_books.insert_book_data manual__2024-07-08T18:55:09.216295+00:00 [running]> on host e7c2148586a4
[2024-07-08T18:55:18.710+0000] {taskinstance.py:2648} INFO - Exporting env vars: AIRFLOW_CTX_DAG_OWNER='***' AIRFLOW_CTX_DAG_ID='fetch_and_store_amazon_books' AIRFLOW_CTX_TASK_ID='insert_book_data' AIRFLOW_CTX_EXECUTION_DATE='2024-07-08T18:55:09.216295+00:00' AIRFLOW_CTX_TRY_NUMBER='1' AIRFLOW_CTX_DAG_RUN_ID='manual__2024-07-08T18:55:09.216295+00:00'
[2024-07-08T18:55:18.716+0000] {taskinstance.py:430} INFO - ::endgroup::
[2024-07-08T18:55:18.742+0000] {base.py:84} INFO - Using connection ID 'books_connection' for task execution.
[2024-07-08T18:55:18.748+0000] {sql.py:487} INFO - Running statement: 
    INSERT INTO books (title, authors, price, rating)
    VALUES (%s, %s, %s, %s)
    , parameters: ('DATA ENGINEERING AND AI FOR BEGINNERS: Revolutionizing Data Processing and Analytics by Leveraging Artificial Intelligence for Efficient Input Collection, Storage, and Transformation (World of AI)', 'Paperback', '13.', '4.4 out of 5 stars')
[2024-07-08T18:55:18.750+0000] {sql.py:496} INFO - Rows affected: 1
[2024-07-08T18:55:18.756+0000] {base.py:84} INFO - Using connection ID 'books_connection' for task execution.
[2024-07-08T18:55:18.759+0000] {sql.py:487} INFO - Running statement: 
    INSERT INTO books (title, authors, price, rating)
    VALUES (%s, %s, %s, %s)
    , parameters: ('Data Engineering with AWS - Second Edition: Acquire the skills to design and build AWS-based data transformation pipelines like a pro', 'Gareth Eagar', '41.', '4.6 out of 5 stars')
[2024-07-08T18:55:18.759+0000] {sql.py:496} INFO - Rows affected: 1
[2024-07-08T18:55:18.766+0000] {base.py:84} INFO - Using connection ID 'books_connection' for task execution.
[2024-07-08T18:55:18.769+0000] {sql.py:487} INFO - Running statement: 
    INSERT INTO books (title, authors, price, rating)
    VALUES (%s, %s, %s, %s)
    , parameters: ('Data Engineering with Alteryx: Helping data engineers apply DataOps practices with Alteryx', 'Paul Houghton', '46.', '4.3 out of 5 stars')
[2024-07-08T18:55:18.770+0000] {sql.py:496} INFO - Rows affected: 1
[2024-07-08T18:55:18.775+0000] {base.py:84} INFO - Using connection ID 'books_connection' for task execution.
[2024-07-08T18:55:18.777+0000] {sql.py:487} INFO - Running statement: 
    INSERT INTO books (title, authors, price, rating)
    VALUES (%s, %s, %s, %s)
    , parameters: ("Azure Data Factory Cookbook - Second Edition: A data engineer's guide to building and managing ETL and ELT pipelines with data integration", 'Dmitry Foshin', '52.', '4.5 out of 5 stars')
[2024-07-08T18:55:18.778+0000] {sql.py:496} INFO - Rows affected: 1
[2024-07-08T18:55:18.782+0000] {base.py:84} INFO - Using connection ID 'books_connection' for task execution.
[2024-07-08T18:55:18.786+0000] {sql.py:487} INFO - Running statement: 
    INSERT INTO books (title, authors, price, rating)
    VALUES (%s, %s, %s, %s)
    , parameters: ('Fundamentals of Data Engineering: Plan and Build Robust Data Systems', 'Audible Audiobook', '0.', '4.7 out of 5 stars')
[2024-07-08T18:55:18.786+0000] {sql.py:496} INFO - Rows affected: 1
[2024-07-08T18:55:18.791+0000] {base.py:84} INFO - Using connection ID 'books_connection' for task execution.
[2024-07-08T18:55:18.794+0000] {sql.py:487} INFO - Running statement: 
    INSERT INTO books (title, authors, price, rating)
    VALUES (%s, %s, %s, %s)
    , parameters: ('Designing Data-Intensive Applications: The Big Ideas Behind Reliable, Scalable, and Maintainable Systems', 'Martin Kleppmann', '27.', '4.8 out of 5 stars')
[2024-07-08T18:55:18.794+0000] {sql.py:496} INFO - Rows affected: 1
[2024-07-08T18:55:18.799+0000] {base.py:84} INFO - Using connection ID 'books_connection' for task execution.
[2024-07-08T18:55:18.801+0000] {sql.py:487} INFO - Running statement: 
    INSERT INTO books (title, authors, price, rating)
    VALUES (%s, %s, %s, %s)
    , parameters: ('Data Engineering with Python: Work with massive datasets to design data models and automate data pipelines using Python', 'Paperback', '37.', '4.1 out of 5 stars')
[2024-07-08T18:55:18.802+0000] {sql.py:496} INFO - Rows affected: 1
[2024-07-08T18:55:18.806+0000] {base.py:84} INFO - Using connection ID 'books_connection' for task execution.
[2024-07-08T18:55:18.808+0000] {sql.py:487} INFO - Running statement: 
    INSERT INTO books (title, authors, price, rating)
    VALUES (%s, %s, %s, %s)
    , parameters: ('Cracking the Data Engineering Interview: Land your dream job with the help of resume-building tips, over 100 mock questions, and a unique portfolio', 'Kedeisha Bryan', '26.', '4.6 out of 5 stars')
[2024-07-08T18:55:18.809+0000] {sql.py:496} INFO - Rows affected: 1
[2024-07-08T18:55:18.814+0000] {base.py:84} INFO - Using connection ID 'books_connection' for task execution.
[2024-07-08T18:55:18.816+0000] {sql.py:487} INFO - Running statement: 
    INSERT INTO books (title, authors, price, rating)
    VALUES (%s, %s, %s, %s)
    , parameters: ('Data Pipelines Pocket Reference: Moving and Processing Data for Analytics', 'James Densmore', '17.', '4.5 out of 5 stars')
[2024-07-08T18:55:18.817+0000] {sql.py:496} INFO - Rows affected: 1
[2024-07-08T18:55:18.823+0000] {base.py:84} INFO - Using connection ID 'books_connection' for task execution.
[2024-07-08T18:55:18.825+0000] {sql.py:487} INFO - Running statement: 
    INSERT INTO books (title, authors, price, rating)
    VALUES (%s, %s, %s, %s)
    , parameters: ('Data Engineering with dbt: A practical guide to building a cloud-based, pragmatic, and dependable data platform with SQL', 'Roberto Zagni', '37.', '4.6 out of 5 stars')
[2024-07-08T18:55:18.826+0000] {sql.py:496} INFO - Rows affected: 1
[2024-07-08T18:55:18.831+0000] {base.py:84} INFO - Using connection ID 'books_connection' for task execution.
[2024-07-08T18:55:18.833+0000] {sql.py:487} INFO - Running statement: 
    INSERT INTO books (title, authors, price, rating)
    VALUES (%s, %s, %s, %s)
    , parameters: ('Storytelling with Data: A Data Visualization Guide for Business Professionals', 'Cole Nussbaumer Knaflic', '27.', '4.6 out of 5 stars')
[2024-07-08T18:55:18.833+0000] {sql.py:496} INFO - Rows affected: 1
[2024-07-08T18:55:18.837+0000] {base.py:84} INFO - Using connection ID 'books_connection' for task execution.
[2024-07-08T18:55:18.840+0000] {sql.py:487} INFO - Running statement: 
    INSERT INTO books (title, authors, price, rating)
    VALUES (%s, %s, %s, %s)
    , parameters: ('Ace the Data Engineering Interview: Questions and Answers for Python, SQL, Data Modeling and More', 'Sean Coyne', '29.', '4.2 out of 5 stars')
[2024-07-08T18:55:18.841+0000] {sql.py:496} INFO - Rows affected: 1
[2024-07-08T18:55:18.845+0000] {base.py:84} INFO - Using connection ID 'books_connection' for task execution.
[2024-07-08T18:55:18.848+0000] {sql.py:487} INFO - Running statement: 
    INSERT INTO books (title, authors, price, rating)
    VALUES (%s, %s, %s, %s)
    , parameters: ('Data-Driven Science and Engineering: Machine Learning, Dynamical Systems, and Control', 'Steven L. Brunton', '64.', '4.8 out of 5 stars')
[2024-07-08T18:55:18.848+0000] {sql.py:496} INFO - Rows affected: 1
[2024-07-08T18:55:18.852+0000] {base.py:84} INFO - Using connection ID 'books_connection' for task execution.
[2024-07-08T18:55:18.855+0000] {sql.py:487} INFO - Running statement: 
    INSERT INTO books (title, authors, price, rating)
    VALUES (%s, %s, %s, %s)
    , parameters: ('Data Engineering with Python cookbook: Learn to build efficient data pipelines using the Modern Cloud Data Stack', 'Adithyan Ramanujakootam', '29.', '5.0 out of 5 stars')
[2024-07-08T18:55:18.855+0000] {sql.py:496} INFO - Rows affected: 1
[2024-07-08T18:55:18.859+0000] {base.py:84} INFO - Using connection ID 'books_connection' for task execution.
[2024-07-08T18:55:18.861+0000] {sql.py:487} INFO - Running statement: 
    INSERT INTO books (title, authors, price, rating)
    VALUES (%s, %s, %s, %s)
    , parameters: ('Data Engineering Fundamentals for Beginners: Mastering the Art of Building, Managing, and Scaling Data Systems', 'Paperback', '14.', '5.0 out of 5 stars')
[2024-07-08T18:55:18.862+0000] {sql.py:496} INFO - Rows affected: 1
[2024-07-08T18:55:18.865+0000] {base.py:84} INFO - Using connection ID 'books_connection' for task execution.
[2024-07-08T18:55:18.867+0000] {sql.py:487} INFO - Running statement: 
    INSERT INTO books (title, authors, price, rating)
    VALUES (%s, %s, %s, %s)
    , parameters: ('Data Engineering with AWS: Learn how to design and build cloud-based data transformation pipelines using AWS', 'Gareth Eagar', '49.', '4.4 out of 5 stars')
[2024-07-08T18:55:18.867+0000] {sql.py:496} INFO - Rows affected: 1
[2024-07-08T18:55:18.871+0000] {base.py:84} INFO - Using connection ID 'books_connection' for task execution.
[2024-07-08T18:55:18.873+0000] {sql.py:487} INFO - Running statement: 
    INSERT INTO books (title, authors, price, rating)
    VALUES (%s, %s, %s, %s)
    , parameters: ("Applied Machine Learning and AI for Engineers: Solve Business Problems That Can't Be Solved Algorithmically", 'Jeff Prosise', '55.', '4.5 out of 5 stars')
[2024-07-08T18:55:18.873+0000] {sql.py:496} INFO - Rows affected: 1
[2024-07-08T18:55:18.877+0000] {base.py:84} INFO - Using connection ID 'books_connection' for task execution.
[2024-07-08T18:55:18.880+0000] {sql.py:487} INFO - Running statement: 
    INSERT INTO books (title, authors, price, rating)
    VALUES (%s, %s, %s, %s)
    , parameters: ('Data Engineering with Databricks Cookbook: Build effective data and AI solutions using Apache Spark, Databricks, and Delta Lake', 'Pulkit Chadha', '47.', '3.0 out of 5 stars')
[2024-07-08T18:55:18.880+0000] {sql.py:496} INFO - Rows affected: 1
[2024-07-08T18:55:18.884+0000] {base.py:84} INFO - Using connection ID 'books_connection' for task execution.
[2024-07-08T18:55:18.886+0000] {sql.py:487} INFO - Running statement: 
    INSERT INTO books (title, authors, price, rating)
    VALUES (%s, %s, %s, %s)
    , parameters: ('Ace the Data Science Interview: 201 Real Interview Questions Asked By FAANG, Tech Startups, & Wall Street', 'Nick Singh', '42.', '4.5 out of 5 stars')
[2024-07-08T18:55:18.887+0000] {sql.py:496} INFO - Rows affected: 1
[2024-07-08T18:55:18.894+0000] {base.py:84} INFO - Using connection ID 'books_connection' for task execution.
[2024-07-08T18:55:18.899+0000] {sql.py:487} INFO - Running statement: 
    INSERT INTO books (title, authors, price, rating)
    VALUES (%s, %s, %s, %s)
    , parameters: ('Data Exploration and Preparation with BigQuery: A practical guide to cleaning, transforming, and analyzing data for business insights', 'Mike Kahn', '36.', '5.0 out of 5 stars')
[2024-07-08T18:55:18.901+0000] {sql.py:496} INFO - Rows affected: 1
[2024-07-08T18:55:18.916+0000] {base.py:84} INFO - Using connection ID 'books_connection' for task execution.
[2024-07-08T18:55:18.919+0000] {sql.py:487} INFO - Running statement: 
    INSERT INTO books (title, authors, price, rating)
    VALUES (%s, %s, %s, %s)
    , parameters: ('Data Engineering with Google Cloud Platform - Second Edition: A guide to leveling up as a data engineer by building a scalable data platform with Google Cloud', 'Adi Wijaya', '41.', '5.0 out of 5 stars')
[2024-07-08T18:55:18.921+0000] {sql.py:496} INFO - Rows affected: 1
[2024-07-08T18:55:18.927+0000] {base.py:84} INFO - Using connection ID 'books_connection' for task execution.
[2024-07-08T18:55:18.933+0000] {sql.py:487} INFO - Running statement: 
    INSERT INTO books (title, authors, price, rating)
    VALUES (%s, %s, %s, %s)
    , parameters: ('Data Engineering with Google Cloud Platform: A practical guide to operationalizing scalable data analytics systems on GCP', 'Adi Wijaya', '41.', '4.7 out of 5 stars')
[2024-07-08T18:55:18.934+0000] {sql.py:496} INFO - Rows affected: 1
[2024-07-08T18:55:18.938+0000] {base.py:84} INFO - Using connection ID 'books_connection' for task execution.
[2024-07-08T18:55:18.940+0000] {sql.py:487} INFO - Running statement: 
    INSERT INTO books (title, authors, price, rating)
    VALUES (%s, %s, %s, %s)
    , parameters: ('Data Engineering with Apache Spark, Delta Lake, and Lakehouse: Create scalable pipelines that ingest, curate, and aggregate complex data in a timely and secure way', 'Manoj Kukreja', '48.', '3.9 out of 5 stars')
[2024-07-08T18:55:18.941+0000] {sql.py:496} INFO - Rows affected: 1
[2024-07-08T18:55:18.945+0000] {base.py:84} INFO - Using connection ID 'books_connection' for task execution.
[2024-07-08T18:55:18.947+0000] {sql.py:487} INFO - Running statement: 
    INSERT INTO books (title, authors, price, rating)
    VALUES (%s, %s, %s, %s)
    , parameters: ('Database Internals: A Deep Dive into How Distributed Data Systems Work, 1st Edition', 'Audible Audiobook', '0.', '4.6 out of 5 stars')
[2024-07-08T18:55:18.948+0000] {sql.py:496} INFO - Rows affected: 1
[2024-07-08T18:55:18.953+0000] {base.py:84} INFO - Using connection ID 'books_connection' for task execution.
[2024-07-08T18:55:18.955+0000] {sql.py:487} INFO - Running statement: 
    INSERT INTO books (title, authors, price, rating)
    VALUES (%s, %s, %s, %s)
    , parameters: ('Machine Learning Engineering', 'Andriy Burkov', '39.', '4.7 out of 5 stars')
[2024-07-08T18:55:18.956+0000] {sql.py:496} INFO - Rows affected: 1
[2024-07-08T18:55:18.956+0000] {python.py:237} INFO - Done. Returned value was: None
[2024-07-08T18:55:18.957+0000] {taskinstance.py:441} INFO - ::group::Post task execution logs
[2024-07-08T18:55:18.962+0000] {taskinstance.py:1206} INFO - Marking task as SUCCESS. dag_id=fetch_and_store_amazon_books, task_id=insert_book_data, run_id=manual__2024-07-08T18:55:09.216295+00:00, execution_date=20240708T185509, start_date=20240708T185518, end_date=20240708T185518
[2024-07-08T18:55:18.989+0000] {local_task_job_runner.py:240} INFO - Task exited with return code 0
[2024-07-08T18:55:19.003+0000] {taskinstance.py:3503} INFO - 0 downstream tasks scheduled from follow-on schedule check
[2024-07-08T18:55:19.004+0000] {local_task_job_runner.py:222} INFO - ::endgroup::
