[2024-07-08T17:19:43.489+0000] {local_task_job_runner.py:120} INFO - ::group::Pre task execution logs
[2024-07-08T17:19:43.702+0000] {taskinstance.py:2076} INFO - Dependencies all met for dep_context=non-requeueable deps ti=<TaskInstance: fetch_and_store_amazon_books.create_table scheduled__2024-06-22T00:00:00+00:00 [queued]>
[2024-07-08T17:19:43.760+0000] {taskinstance.py:2076} INFO - Dependencies all met for dep_context=requeueable deps ti=<TaskInstance: fetch_and_store_amazon_books.create_table scheduled__2024-06-22T00:00:00+00:00 [queued]>
[2024-07-08T17:19:43.766+0000] {taskinstance.py:2306} INFO - Starting attempt 1 of 2
[2024-07-08T17:19:44.107+0000] {taskinstance.py:2330} INFO - Executing <Task(PostgresOperator): create_table> on 2024-06-22 00:00:00+00:00
[2024-07-08T17:19:44.165+0000] {warnings.py:112} WARNING - /home/***/.local/lib/python3.12/site-packages/***/task/task_runner/standard_task_runner.py:61: DeprecationWarning: This process (pid=248) is multi-threaded, use of fork() may lead to deadlocks in the child.
  pid = os.fork()

[2024-07-08T17:19:44.203+0000] {standard_task_runner.py:63} INFO - Started process 268 to run task
[2024-07-08T17:19:44.200+0000] {standard_task_runner.py:90} INFO - Running: ['***', 'tasks', 'run', 'fetch_and_store_amazon_books', 'create_table', 'scheduled__2024-06-22T00:00:00+00:00', '--job-id', '16', '--raw', '--subdir', 'DAGS_FOLDER/app.py', '--cfg-path', '/tmp/tmpbkyw20et']
[2024-07-08T17:19:44.212+0000] {standard_task_runner.py:91} INFO - Job 16: Subtask create_table
[2024-07-08T17:19:45.026+0000] {task_command.py:426} INFO - Running <TaskInstance: fetch_and_store_amazon_books.create_table scheduled__2024-06-22T00:00:00+00:00 [running]> on host 75379950ed90
[2024-07-08T17:19:46.207+0000] {taskinstance.py:2648} INFO - Exporting env vars: AIRFLOW_CTX_DAG_OWNER='***' AIRFLOW_CTX_DAG_ID='fetch_and_store_amazon_books' AIRFLOW_CTX_TASK_ID='create_table' AIRFLOW_CTX_EXECUTION_DATE='2024-06-22T00:00:00+00:00' AIRFLOW_CTX_TRY_NUMBER='1' AIRFLOW_CTX_DAG_RUN_ID='scheduled__2024-06-22T00:00:00+00:00'
[2024-07-08T17:19:46.215+0000] {taskinstance.py:430} INFO - ::endgroup::
[2024-07-08T17:19:46.221+0000] {sql.py:276} INFO - Executing: 
    CREATE TABLE IF NOT EXISTS books (
        id SERIAL PRIMARY KEY,
        title TEXT NOT NULL,
        authors TEXT,
        price TEXT,
        rating TEXT
    );
    
[2024-07-08T17:19:46.282+0000] {base.py:84} INFO - Using connection ID 'books_connection' for task execution.
[2024-07-08T17:19:46.368+0000] {base.py:84} INFO - Using connection ID 'books_connection' for task execution.
[2024-07-08T17:19:46.388+0000] {sql.py:487} INFO - Running statement: 
    CREATE TABLE IF NOT EXISTS books (
        id SERIAL PRIMARY KEY,
        title TEXT NOT NULL,
        authors TEXT,
        price TEXT,
        rating TEXT
    );
    , parameters: None
[2024-07-08T17:19:46.395+0000] {taskinstance.py:441} INFO - ::group::Post task execution logs
[2024-07-08T17:19:46.505+0000] {taskinstance.py:1206} INFO - Marking task as SUCCESS. dag_id=fetch_and_store_amazon_books, task_id=create_table, run_id=scheduled__2024-06-22T00:00:00+00:00, execution_date=20240622T000000, start_date=20240708T171943, end_date=20240708T171946
[2024-07-08T17:19:46.841+0000] {local_task_job_runner.py:240} INFO - Task exited with return code 0
[2024-07-08T17:19:47.117+0000] {warnings.py:112} WARNING - /home/***/.local/lib/python3.12/site-packages/***/models/baseoperator.py:1297: AirflowProviderDeprecationWarning: Call to deprecated class PostgresOperator. (Please use `***.providers.common.sql.operators.sql.SQLExecuteQueryOperator`.Also, you can provide `hook_params={'schema': <database>}`.)
  result = cls.__new__(cls)

[2024-07-08T17:19:47.228+0000] {taskinstance.py:3503} INFO - 1 downstream tasks scheduled from follow-on schedule check
[2024-07-08T17:19:47.238+0000] {local_task_job_runner.py:222} INFO - ::endgroup::
