[2024-07-08T17:24:16.890+0000] {local_task_job_runner.py:120} INFO - ::group::Pre task execution logs
[2024-07-08T17:24:17.372+0000] {taskinstance.py:2076} INFO - Dependencies all met for dep_context=non-requeueable deps ti=<TaskInstance: fetch_and_store_amazon_books.fetch_book_data scheduled__2024-07-02T00:00:00+00:00 [queued]>
[2024-07-08T17:24:17.403+0000] {taskinstance.py:2076} INFO - Dependencies all met for dep_context=requeueable deps ti=<TaskInstance: fetch_and_store_amazon_books.fetch_book_data scheduled__2024-07-02T00:00:00+00:00 [queued]>
[2024-07-08T17:24:17.405+0000] {taskinstance.py:2306} INFO - Starting attempt 2 of 2
[2024-07-08T17:24:17.461+0000] {taskinstance.py:2330} INFO - Executing <Task(PythonOperator): fetch_book_data> on 2024-07-02 00:00:00+00:00
[2024-07-08T17:24:17.657+0000] {warnings.py:112} WARNING - /home/***/.local/lib/python3.12/site-packages/***/task/task_runner/standard_task_runner.py:61: DeprecationWarning: This process (pid=362) is multi-threaded, use of fork() may lead to deadlocks in the child.
  pid = os.fork()

[2024-07-08T17:24:17.670+0000] {standard_task_runner.py:63} INFO - Started process 392 to run task
[2024-07-08T17:24:17.711+0000] {standard_task_runner.py:90} INFO - Running: ['***', 'tasks', 'run', 'fetch_and_store_amazon_books', 'fetch_book_data', 'scheduled__2024-07-02T00:00:00+00:00', '--job-id', '38', '--raw', '--subdir', 'DAGS_FOLDER/app.py', '--cfg-path', '/tmp/tmpujay_nit']
[2024-07-08T17:24:17.738+0000] {standard_task_runner.py:91} INFO - Job 38: Subtask fetch_book_data
[2024-07-08T17:24:18.627+0000] {task_command.py:426} INFO - Running <TaskInstance: fetch_and_store_amazon_books.fetch_book_data scheduled__2024-07-02T00:00:00+00:00 [running]> on host 75379950ed90
[2024-07-08T17:24:20.467+0000] {taskinstance.py:2648} INFO - Exporting env vars: AIRFLOW_CTX_DAG_OWNER='***' AIRFLOW_CTX_DAG_ID='fetch_and_store_amazon_books' AIRFLOW_CTX_TASK_ID='fetch_book_data' AIRFLOW_CTX_EXECUTION_DATE='2024-07-02T00:00:00+00:00' AIRFLOW_CTX_TRY_NUMBER='2' AIRFLOW_CTX_DAG_RUN_ID='scheduled__2024-07-02T00:00:00+00:00'
[2024-07-08T17:24:20.512+0000] {taskinstance.py:430} INFO - ::endgroup::
[2024-07-08T17:24:22.326+0000] {logging_mixin.py:188} INFO - Failed to retrieve the page
[2024-07-08T17:24:23.004+0000] {python.py:237} INFO - Done. Returned value was: None
[2024-07-08T17:24:23.204+0000] {taskinstance.py:441} INFO - ::group::Post task execution logs
[2024-07-08T17:24:23.519+0000] {taskinstance.py:1206} INFO - Marking task as SUCCESS. dag_id=fetch_and_store_amazon_books, task_id=fetch_book_data, run_id=scheduled__2024-07-02T00:00:00+00:00, execution_date=20240702T000000, start_date=20240708T172417, end_date=20240708T172423
[2024-07-08T17:24:23.968+0000] {local_task_job_runner.py:240} INFO - Task exited with return code 0
[2024-07-08T17:24:24.571+0000] {warnings.py:112} WARNING - /home/***/.local/lib/python3.12/site-packages/***/models/baseoperator.py:1297: AirflowProviderDeprecationWarning: Call to deprecated class PostgresOperator. (Please use `***.providers.common.sql.operators.sql.SQLExecuteQueryOperator`.Also, you can provide `hook_params={'schema': <database>}`.)
  result = cls.__new__(cls)

[2024-07-08T17:24:24.743+0000] {taskinstance.py:3503} INFO - 1 downstream tasks scheduled from follow-on schedule check
[2024-07-08T17:24:24.758+0000] {local_task_job_runner.py:222} INFO - ::endgroup::
