[2024-07-08T18:32:21.313+0000] {local_task_job_runner.py:120} INFO - ::group::Pre task execution logs
[2024-07-08T18:32:21.329+0000] {taskinstance.py:2076} INFO - Dependencies all met for dep_context=non-requeueable deps ti=<TaskInstance: fetch_and_store_amazon_books.create_table manual__2024-07-08T18:25:59.587433+00:00 [queued]>
[2024-07-08T18:32:21.336+0000] {taskinstance.py:2076} INFO - Dependencies all met for dep_context=requeueable deps ti=<TaskInstance: fetch_and_store_amazon_books.create_table manual__2024-07-08T18:25:59.587433+00:00 [queued]>
[2024-07-08T18:32:21.336+0000] {taskinstance.py:2306} INFO - Starting attempt 2 of 2
[2024-07-08T18:32:21.343+0000] {taskinstance.py:2330} INFO - Executing <Task(PostgresOperator): create_table> on 2024-07-08 18:25:59.587433+00:00
[2024-07-08T18:32:21.349+0000] {warnings.py:112} WARNING - /home/***/.local/lib/python3.12/site-packages/***/task/task_runner/standard_task_runner.py:61: DeprecationWarning: This process (pid=224) is multi-threaded, use of fork() may lead to deadlocks in the child.
  pid = os.fork()

[2024-07-08T18:32:21.351+0000] {standard_task_runner.py:63} INFO - Started process 226 to run task
[2024-07-08T18:32:21.351+0000] {standard_task_runner.py:90} INFO - Running: ['***', 'tasks', 'run', 'fetch_and_store_amazon_books', 'create_table', 'manual__2024-07-08T18:25:59.587433+00:00', '--job-id', '111', '--raw', '--subdir', 'DAGS_FOLDER/app.py', '--cfg-path', '/tmp/tmp34f30oqg']
[2024-07-08T18:32:21.352+0000] {standard_task_runner.py:91} INFO - Job 111: Subtask create_table
[2024-07-08T18:32:21.380+0000] {task_command.py:426} INFO - Running <TaskInstance: fetch_and_store_amazon_books.create_table manual__2024-07-08T18:25:59.587433+00:00 [running]> on host e7c2148586a4
[2024-07-08T18:32:21.439+0000] {taskinstance.py:2648} INFO - Exporting env vars: AIRFLOW_CTX_DAG_OWNER='***' AIRFLOW_CTX_DAG_ID='fetch_and_store_amazon_books' AIRFLOW_CTX_TASK_ID='create_table' AIRFLOW_CTX_EXECUTION_DATE='2024-07-08T18:25:59.587433+00:00' AIRFLOW_CTX_TRY_NUMBER='2' AIRFLOW_CTX_DAG_RUN_ID='manual__2024-07-08T18:25:59.587433+00:00'
[2024-07-08T18:32:21.440+0000] {taskinstance.py:430} INFO - ::endgroup::
[2024-07-08T18:32:21.440+0000] {sql.py:276} INFO - Executing: 
    CREATE TABLE IF NOT EXISTS books (
        id SERIAL PRIMARY KEY,
        title TEXT NOT NULL,
        authors TEXT,
        price TEXT,
        rating TEXT
    );
    
[2024-07-08T18:32:21.446+0000] {base.py:84} INFO - Using connection ID 'books_connection' for task execution.
[2024-07-08T18:32:21.450+0000] {base.py:84} INFO - Using connection ID 'books_connection' for task execution.
[2024-07-08T18:32:21.453+0000] {sql.py:487} INFO - Running statement: 
    CREATE TABLE IF NOT EXISTS books (
        id SERIAL PRIMARY KEY,
        title TEXT NOT NULL,
        authors TEXT,
        price TEXT,
        rating TEXT
    );
    , parameters: None
[2024-07-08T18:32:21.455+0000] {taskinstance.py:441} INFO - ::group::Post task execution logs
[2024-07-08T18:32:21.460+0000] {taskinstance.py:1206} INFO - Marking task as SUCCESS. dag_id=fetch_and_store_amazon_books, task_id=create_table, run_id=manual__2024-07-08T18:25:59.587433+00:00, execution_date=20240708T182559, start_date=20240708T183221, end_date=20240708T183221
[2024-07-08T18:32:21.495+0000] {local_task_job_runner.py:240} INFO - Task exited with return code 0
[2024-07-08T18:32:21.501+0000] {warnings.py:112} WARNING - /home/***/.local/lib/python3.12/site-packages/***/models/baseoperator.py:1297: AirflowProviderDeprecationWarning: Call to deprecated class PostgresOperator. (Please use `***.providers.common.sql.operators.sql.SQLExecuteQueryOperator`.Also, you can provide `hook_params={'schema': <database>}`.)
  result = cls.__new__(cls)

[2024-07-08T18:32:21.508+0000] {taskinstance.py:3503} INFO - 1 downstream tasks scheduled from follow-on schedule check
[2024-07-08T18:32:21.509+0000] {local_task_job_runner.py:222} INFO - ::endgroup::
