[2024-07-08T17:20:23.787+0000] {local_task_job_runner.py:120} INFO - ::group::Pre task execution logs
[2024-07-08T17:20:25.446+0000] {taskinstance.py:2076} INFO - Dependencies all met for dep_context=non-requeueable deps ti=<TaskInstance: fetch_and_store_amazon_books.insert_book_data manual__2024-07-08T17:17:33.534852+00:00 [queued]>
[2024-07-08T17:20:25.603+0000] {taskinstance.py:2076} INFO - Dependencies all met for dep_context=requeueable deps ti=<TaskInstance: fetch_and_store_amazon_books.insert_book_data manual__2024-07-08T17:17:33.534852+00:00 [queued]>
[2024-07-08T17:20:25.633+0000] {taskinstance.py:2306} INFO - Starting attempt 1 of 2
[2024-07-08T17:20:26.333+0000] {taskinstance.py:2330} INFO - Executing <Task(PythonOperator): insert_book_data> on 2024-07-08 17:17:33.534852+00:00
[2024-07-08T17:20:26.673+0000] {warnings.py:112} WARNING - /home/***/.local/lib/python3.12/site-packages/***/task/task_runner/standard_task_runner.py:61: DeprecationWarning: This process (pid=270) is multi-threaded, use of fork() may lead to deadlocks in the child.
  pid = os.fork()

[2024-07-08T17:20:26.690+0000] {standard_task_runner.py:63} INFO - Started process 294 to run task
[2024-07-08T17:20:26.747+0000] {standard_task_runner.py:90} INFO - Running: ['***', 'tasks', 'run', 'fetch_and_store_amazon_books', 'insert_book_data', 'manual__2024-07-08T17:17:33.534852+00:00', '--job-id', '22', '--raw', '--subdir', 'DAGS_FOLDER/app.py', '--cfg-path', '/tmp/tmpoe1lgm1y']
[2024-07-08T17:20:26.752+0000] {standard_task_runner.py:91} INFO - Job 22: Subtask insert_book_data
[2024-07-08T17:20:29.703+0000] {task_command.py:426} INFO - Running <TaskInstance: fetch_and_store_amazon_books.insert_book_data manual__2024-07-08T17:17:33.534852+00:00 [running]> on host 75379950ed90
[2024-07-08T17:20:32.358+0000] {taskinstance.py:2648} INFO - Exporting env vars: AIRFLOW_CTX_DAG_OWNER='***' AIRFLOW_CTX_DAG_ID='fetch_and_store_amazon_books' AIRFLOW_CTX_TASK_ID='insert_book_data' AIRFLOW_CTX_EXECUTION_DATE='2024-07-08T17:17:33.534852+00:00' AIRFLOW_CTX_TRY_NUMBER='1' AIRFLOW_CTX_DAG_RUN_ID='manual__2024-07-08T17:17:33.534852+00:00'
[2024-07-08T17:20:32.444+0000] {taskinstance.py:430} INFO - ::endgroup::
[2024-07-08T17:20:32.671+0000] {base.py:84} INFO - Using connection ID 'books_connection' for task execution.
[2024-07-08T17:20:32.761+0000] {sql.py:487} INFO - Running statement: 
    INSERT INTO books (title, authors, price, rating)
    VALUES (%s, %s, %s, %s)
    , parameters: ('DATA ENGINEERING AND AI FOR BEGINNERS: Revolutionizing Data Processing and Analytics by Leveraging Artificial Intelligence for Efficient Input Collection, Storage, and Transformation (World of AI)', 'Paperback', '13.', '4.4 out of 5 stars')
[2024-07-08T17:20:32.814+0000] {sql.py:496} INFO - Rows affected: 1
[2024-07-08T17:20:32.965+0000] {base.py:84} INFO - Using connection ID 'books_connection' for task execution.
[2024-07-08T17:20:33.064+0000] {sql.py:487} INFO - Running statement: 
    INSERT INTO books (title, authors, price, rating)
    VALUES (%s, %s, %s, %s)
    , parameters: ('Azure Data Engineer Associate Certification Guide - Second Edition: Ace the DP-203 exam with advanced data engineering skills', 'Giacinto Palmieri', '49.', '4.6 out of 5 stars')
[2024-07-08T17:20:33.130+0000] {sql.py:496} INFO - Rows affected: 1
[2024-07-08T17:20:33.460+0000] {base.py:84} INFO - Using connection ID 'books_connection' for task execution.
[2024-07-08T17:20:33.600+0000] {sql.py:487} INFO - Running statement: 
    INSERT INTO books (title, authors, price, rating)
    VALUES (%s, %s, %s, %s)
    , parameters: ('Data Engineering with AWS - Second Edition: Acquire the skills to design and build AWS-based data transformation pipelines like a pro', 'Gareth Eagar', '41.', '4.6 out of 5 stars')
[2024-07-08T17:20:33.617+0000] {sql.py:496} INFO - Rows affected: 1
[2024-07-08T17:20:33.690+0000] {base.py:84} INFO - Using connection ID 'books_connection' for task execution.
[2024-07-08T17:20:33.718+0000] {sql.py:487} INFO - Running statement: 
    INSERT INTO books (title, authors, price, rating)
    VALUES (%s, %s, %s, %s)
    , parameters: ('Data Engineering with Alteryx: Helping data engineers apply DataOps practices with Alteryx', 'Paul Houghton', '46.', '4.3 out of 5 stars')
[2024-07-08T17:20:33.726+0000] {sql.py:496} INFO - Rows affected: 1
[2024-07-08T17:20:33.782+0000] {base.py:84} INFO - Using connection ID 'books_connection' for task execution.
[2024-07-08T17:20:33.807+0000] {sql.py:487} INFO - Running statement: 
    INSERT INTO books (title, authors, price, rating)
    VALUES (%s, %s, %s, %s)
    , parameters: ('Fundamentals of Data Engineering: Plan and Build Robust Data Systems', 'Audible Audiobook', '0.', '4.7 out of 5 stars')
[2024-07-08T17:20:33.812+0000] {sql.py:496} INFO - Rows affected: 1
[2024-07-08T17:20:33.976+0000] {base.py:84} INFO - Using connection ID 'books_connection' for task execution.
[2024-07-08T17:20:34.017+0000] {sql.py:487} INFO - Running statement: 
    INSERT INTO books (title, authors, price, rating)
    VALUES (%s, %s, %s, %s)
    , parameters: ('Designing Data-Intensive Applications: The Big Ideas Behind Reliable, Scalable, and Maintainable Systems', 'Martin Kleppmann', '27.', '4.8 out of 5 stars')
[2024-07-08T17:20:34.028+0000] {sql.py:496} INFO - Rows affected: 1
[2024-07-08T17:20:34.198+0000] {base.py:84} INFO - Using connection ID 'books_connection' for task execution.
[2024-07-08T17:20:34.274+0000] {sql.py:487} INFO - Running statement: 
    INSERT INTO books (title, authors, price, rating)
    VALUES (%s, %s, %s, %s)
    , parameters: ('Data Engineering with Python: Work with massive datasets to design data models and automate data pipelines using Python', 'Paperback', '37.', '4.1 out of 5 stars')
[2024-07-08T17:20:34.294+0000] {sql.py:496} INFO - Rows affected: 1
[2024-07-08T17:20:34.388+0000] {base.py:84} INFO - Using connection ID 'books_connection' for task execution.
[2024-07-08T17:20:34.451+0000] {sql.py:487} INFO - Running statement: 
    INSERT INTO books (title, authors, price, rating)
    VALUES (%s, %s, %s, %s)
    , parameters: ('Cracking the Data Engineering Interview: Land your dream job with the help of resume-building tips, over 100 mock questions, and a unique portfolio', 'Kedeisha Bryan', '26.', '4.6 out of 5 stars')
[2024-07-08T17:20:34.484+0000] {sql.py:496} INFO - Rows affected: 1
[2024-07-08T17:20:34.530+0000] {base.py:84} INFO - Using connection ID 'books_connection' for task execution.
[2024-07-08T17:20:34.560+0000] {sql.py:487} INFO - Running statement: 
    INSERT INTO books (title, authors, price, rating)
    VALUES (%s, %s, %s, %s)
    , parameters: ('Data Pipelines Pocket Reference: Moving and Processing Data for Analytics', 'James Densmore', '17.', '4.5 out of 5 stars')
[2024-07-08T17:20:34.566+0000] {sql.py:496} INFO - Rows affected: 1
[2024-07-08T17:20:34.725+0000] {base.py:84} INFO - Using connection ID 'books_connection' for task execution.
[2024-07-08T17:20:34.785+0000] {sql.py:487} INFO - Running statement: 
    INSERT INTO books (title, authors, price, rating)
    VALUES (%s, %s, %s, %s)
    , parameters: ('Data Engineering with dbt: A practical guide to building a cloud-based, pragmatic, and dependable data platform with SQL', 'Roberto Zagni', '37.', '4.6 out of 5 stars')
[2024-07-08T17:20:34.794+0000] {sql.py:496} INFO - Rows affected: 1
[2024-07-08T17:20:34.982+0000] {base.py:84} INFO - Using connection ID 'books_connection' for task execution.
[2024-07-08T17:20:35.096+0000] {sql.py:487} INFO - Running statement: 
    INSERT INTO books (title, authors, price, rating)
    VALUES (%s, %s, %s, %s)
    , parameters: ('Storytelling with Data: A Data Visualization Guide for Business Professionals', 'Cole Nussbaumer Knaflic', '27.', '4.6 out of 5 stars')
[2024-07-08T17:20:35.113+0000] {sql.py:496} INFO - Rows affected: 1
[2024-07-08T17:20:35.395+0000] {base.py:84} INFO - Using connection ID 'books_connection' for task execution.
[2024-07-08T17:20:35.437+0000] {sql.py:487} INFO - Running statement: 
    INSERT INTO books (title, authors, price, rating)
    VALUES (%s, %s, %s, %s)
    , parameters: ('Ace the Data Engineering Interview: Questions and Answers for Python, SQL, Data Modeling and More', 'Sean Coyne', '29.', '4.2 out of 5 stars')
[2024-07-08T17:20:35.442+0000] {sql.py:496} INFO - Rows affected: 1
[2024-07-08T17:20:35.571+0000] {base.py:84} INFO - Using connection ID 'books_connection' for task execution.
[2024-07-08T17:20:35.620+0000] {sql.py:487} INFO - Running statement: 
    INSERT INTO books (title, authors, price, rating)
    VALUES (%s, %s, %s, %s)
    , parameters: ('Data-Driven Science and Engineering: Machine Learning, Dynamical Systems, and Control', 'Steven L. Brunton', '64.', '4.8 out of 5 stars')
[2024-07-08T17:20:35.660+0000] {sql.py:496} INFO - Rows affected: 1
[2024-07-08T17:20:35.831+0000] {base.py:84} INFO - Using connection ID 'books_connection' for task execution.
[2024-07-08T17:20:35.880+0000] {sql.py:487} INFO - Running statement: 
    INSERT INTO books (title, authors, price, rating)
    VALUES (%s, %s, %s, %s)
    , parameters: ('Data Engineering with Python cookbook: Learn to build efficient data pipelines using the Modern Cloud Data Stack', 'Adithyan Ramanujakootam', '29.', '5.0 out of 5 stars')
[2024-07-08T17:20:35.895+0000] {sql.py:496} INFO - Rows affected: 1
[2024-07-08T17:20:36.017+0000] {base.py:84} INFO - Using connection ID 'books_connection' for task execution.
[2024-07-08T17:20:36.134+0000] {sql.py:487} INFO - Running statement: 
    INSERT INTO books (title, authors, price, rating)
    VALUES (%s, %s, %s, %s)
    , parameters: ('Data Engineering Fundamentals for Beginners: Mastering the Art of Building, Managing, and Scaling Data Systems', 'Paperback', '14.', '5.0 out of 5 stars')
[2024-07-08T17:20:36.155+0000] {sql.py:496} INFO - Rows affected: 1
[2024-07-08T17:20:36.332+0000] {base.py:84} INFO - Using connection ID 'books_connection' for task execution.
[2024-07-08T17:20:36.361+0000] {sql.py:487} INFO - Running statement: 
    INSERT INTO books (title, authors, price, rating)
    VALUES (%s, %s, %s, %s)
    , parameters: ("Applied Machine Learning and AI for Engineers: Solve Business Problems That Can't Be Solved Algorithmically", 'Jeff Prosise', '55.', '4.5 out of 5 stars')
[2024-07-08T17:20:36.369+0000] {sql.py:496} INFO - Rows affected: 1
[2024-07-08T17:20:36.450+0000] {base.py:84} INFO - Using connection ID 'books_connection' for task execution.
[2024-07-08T17:20:36.484+0000] {sql.py:487} INFO - Running statement: 
    INSERT INTO books (title, authors, price, rating)
    VALUES (%s, %s, %s, %s)
    , parameters: ('Data Engineering with AWS: Learn how to design and build cloud-based data transformation pipelines using AWS', 'Gareth Eagar', '49.', '4.4 out of 5 stars')
[2024-07-08T17:20:36.510+0000] {sql.py:496} INFO - Rows affected: 1
[2024-07-08T17:20:36.581+0000] {base.py:84} INFO - Using connection ID 'books_connection' for task execution.
[2024-07-08T17:20:36.611+0000] {sql.py:487} INFO - Running statement: 
    INSERT INTO books (title, authors, price, rating)
    VALUES (%s, %s, %s, %s)
    , parameters: ('Ace the Data Science Interview: 201 Real Interview Questions Asked By FAANG, Tech Startups, & Wall Street', 'Nick Singh', '42.', '4.5 out of 5 stars')
[2024-07-08T17:20:36.627+0000] {sql.py:496} INFO - Rows affected: 1
[2024-07-08T17:20:36.761+0000] {base.py:84} INFO - Using connection ID 'books_connection' for task execution.
[2024-07-08T17:20:36.898+0000] {sql.py:487} INFO - Running statement: 
    INSERT INTO books (title, authors, price, rating)
    VALUES (%s, %s, %s, %s)
    , parameters: ('Data Engineering with Databricks Cookbook: Build effective data and AI solutions using Apache Spark, Databricks, and Delta Lake', 'Pulkit Chadha', '47.', '3.0 out of 5 stars')
[2024-07-08T17:20:36.969+0000] {sql.py:496} INFO - Rows affected: 1
[2024-07-08T17:20:37.149+0000] {base.py:84} INFO - Using connection ID 'books_connection' for task execution.
[2024-07-08T17:20:37.247+0000] {sql.py:487} INFO - Running statement: 
    INSERT INTO books (title, authors, price, rating)
    VALUES (%s, %s, %s, %s)
    , parameters: ('Data Privacy: A runbook for engineers', 'Nishant Bhajaria', '35.', '4.7 out of 5 stars')
[2024-07-08T17:20:37.286+0000] {sql.py:496} INFO - Rows affected: 1
[2024-07-08T17:20:37.425+0000] {base.py:84} INFO - Using connection ID 'books_connection' for task execution.
[2024-07-08T17:20:37.471+0000] {sql.py:487} INFO - Running statement: 
    INSERT INTO books (title, authors, price, rating)
    VALUES (%s, %s, %s, %s)
    , parameters: ('Data Engineering with Google Cloud Platform - Second Edition: A guide to leveling up as a data engineer by building a scalable data platform with Google Cloud', 'Adi Wijaya', '41.', '5.0 out of 5 stars')
[2024-07-08T17:20:37.481+0000] {sql.py:496} INFO - Rows affected: 1
[2024-07-08T17:20:37.547+0000] {base.py:84} INFO - Using connection ID 'books_connection' for task execution.
[2024-07-08T17:20:37.570+0000] {sql.py:487} INFO - Running statement: 
    INSERT INTO books (title, authors, price, rating)
    VALUES (%s, %s, %s, %s)
    , parameters: ('Data Engineering with Google Cloud Platform: A practical guide to operationalizing scalable data analytics systems on GCP', 'Adi Wijaya', '41.', '4.7 out of 5 stars')
[2024-07-08T17:20:37.591+0000] {sql.py:496} INFO - Rows affected: 1
[2024-07-08T17:20:37.934+0000] {base.py:84} INFO - Using connection ID 'books_connection' for task execution.
[2024-07-08T17:20:37.976+0000] {sql.py:487} INFO - Running statement: 
    INSERT INTO books (title, authors, price, rating)
    VALUES (%s, %s, %s, %s)
    , parameters: ('Data Engineering with Apache Spark, Delta Lake, and Lakehouse: Create scalable pipelines that ingest, curate, and aggregate complex data in a timely and secure way', 'Manoj Kukreja', '48.', '3.9 out of 5 stars')
[2024-07-08T17:20:38.002+0000] {sql.py:496} INFO - Rows affected: 1
[2024-07-08T17:20:38.173+0000] {base.py:84} INFO - Using connection ID 'books_connection' for task execution.
[2024-07-08T17:20:38.215+0000] {sql.py:487} INFO - Running statement: 
    INSERT INTO books (title, authors, price, rating)
    VALUES (%s, %s, %s, %s)
    , parameters: ("Azure Data Factory Cookbook - Second Edition: A data engineer's guide to building and managing ETL and ELT pipelines with data integration", 'Dmitry Foshin', '52.', '4.5 out of 5 stars')
[2024-07-08T17:20:38.243+0000] {sql.py:496} INFO - Rows affected: 1
[2024-07-08T17:20:38.524+0000] {base.py:84} INFO - Using connection ID 'books_connection' for task execution.
[2024-07-08T17:20:38.611+0000] {sql.py:487} INFO - Running statement: 
    INSERT INTO books (title, authors, price, rating)
    VALUES (%s, %s, %s, %s)
    , parameters: ('Database Internals: A Deep Dive into How Distributed Data Systems Work, 1st Edition', 'Audible Audiobook', '0.', '4.6 out of 5 stars')
[2024-07-08T17:20:38.669+0000] {sql.py:496} INFO - Rows affected: 1
[2024-07-08T17:20:38.804+0000] {base.py:84} INFO - Using connection ID 'books_connection' for task execution.
[2024-07-08T17:20:38.864+0000] {sql.py:487} INFO - Running statement: 
    INSERT INTO books (title, authors, price, rating)
    VALUES (%s, %s, %s, %s)
    , parameters: ('Machine Learning Engineering', 'Andriy Burkov', '39.', '4.7 out of 5 stars')
[2024-07-08T17:20:38.882+0000] {sql.py:496} INFO - Rows affected: 1
[2024-07-08T17:20:38.955+0000] {base.py:84} INFO - Using connection ID 'books_connection' for task execution.
[2024-07-08T17:20:39.047+0000] {sql.py:487} INFO - Running statement: 
    INSERT INTO books (title, authors, price, rating)
    VALUES (%s, %s, %s, %s)
    , parameters: ('Fundamentals of Data Analytics: Learn Essential Skills, Embrace the Future, and Catapult Your Career in the Data-Driven World—A Comprehensive Guide to Data Literacy for Beginners', 'Russell Dawson', '17.', '4.8 out of 5 stars')
[2024-07-08T17:20:39.068+0000] {sql.py:496} INFO - Rows affected: 1
[2024-07-08T17:20:39.194+0000] {base.py:84} INFO - Using connection ID 'books_connection' for task execution.
[2024-07-08T17:20:39.405+0000] {sql.py:487} INFO - Running statement: 
    INSERT INTO books (title, authors, price, rating)
    VALUES (%s, %s, %s, %s)
    , parameters: ('Data Mesh: Delivering Data-Driven Value at Scale', 'Audible Audiobook', '0.', '4.5 out of 5 stars')
[2024-07-08T17:20:39.464+0000] {sql.py:496} INFO - Rows affected: 1
[2024-07-08T17:20:39.718+0000] {base.py:84} INFO - Using connection ID 'books_connection' for task execution.
[2024-07-08T17:20:39.824+0000] {sql.py:487} INFO - Running statement: 
    INSERT INTO books (title, authors, price, rating)
    VALUES (%s, %s, %s, %s)
    , parameters: ('Software Engineering for Data Scientists: From Notebooks to Scalable Systems', 'Catherine Nelson', '54.', '4.2 out of 5 stars')
[2024-07-08T17:20:39.833+0000] {sql.py:496} INFO - Rows affected: 1
[2024-07-08T17:20:39.909+0000] {base.py:84} INFO - Using connection ID 'books_connection' for task execution.
[2024-07-08T17:20:39.950+0000] {sql.py:487} INFO - Running statement: 
    INSERT INTO books (title, authors, price, rating)
    VALUES (%s, %s, %s, %s)
    , parameters: ('97 Things Every Data Engineer Should Know: Collective Wisdom from the Experts', 'Audible Audiobook', '0.', '4.1 out of 5 stars')
[2024-07-08T17:20:39.964+0000] {sql.py:496} INFO - Rows affected: 1
[2024-07-08T17:20:40.013+0000] {base.py:84} INFO - Using connection ID 'books_connection' for task execution.
[2024-07-08T17:20:40.060+0000] {sql.py:487} INFO - Running statement: 
    INSERT INTO books (title, authors, price, rating)
    VALUES (%s, %s, %s, %s)
    , parameters: ('Modeling and Simulation in Python: An Introduction for Scientists and Engineers', 'Paperback', '24.', '4.5 out of 5 stars')
[2024-07-08T17:20:40.077+0000] {sql.py:496} INFO - Rows affected: 1
[2024-07-08T17:20:40.256+0000] {base.py:84} INFO - Using connection ID 'books_connection' for task execution.
[2024-07-08T17:20:40.296+0000] {sql.py:487} INFO - Running statement: 
    INSERT INTO books (title, authors, price, rating)
    VALUES (%s, %s, %s, %s)
    , parameters: ('Engineers Survival Guide: Advice, tactics, and tricks After a decade of working at Facebook, Snapchat, and Microsoft', 'Merih Taze', '29.', '4.4 out of 5 stars')
[2024-07-08T17:20:40.304+0000] {sql.py:496} INFO - Rows affected: 1
[2024-07-08T17:20:40.396+0000] {base.py:84} INFO - Using connection ID 'books_connection' for task execution.
[2024-07-08T17:20:40.435+0000] {sql.py:487} INFO - Running statement: 
    INSERT INTO books (title, authors, price, rating)
    VALUES (%s, %s, %s, %s)
    , parameters: ('A Common-Sense Guide to Data Structures and Algorithms, Second Edition: Level Up Your Core Programming Skills', 'Jay Wengrow', '39.', '4.7 out of 5 stars')
[2024-07-08T17:20:40.447+0000] {sql.py:496} INFO - Rows affected: 1
[2024-07-08T17:20:40.492+0000] {base.py:84} INFO - Using connection ID 'books_connection' for task execution.
[2024-07-08T17:20:40.528+0000] {sql.py:487} INFO - Running statement: 
    INSERT INTO books (title, authors, price, rating)
    VALUES (%s, %s, %s, %s)
    , parameters: ('Data Modeling with Snowflake: A practical guide to accelerating Snowflake development using universal data modeling techniques', 'Serge Gershkovich', '36.', '4.8 out of 5 stars')
[2024-07-08T17:20:40.534+0000] {sql.py:496} INFO - Rows affected: 1
[2024-07-08T17:20:40.569+0000] {base.py:84} INFO - Using connection ID 'books_connection' for task execution.
[2024-07-08T17:20:40.593+0000] {sql.py:487} INFO - Running statement: 
    INSERT INTO books (title, authors, price, rating)
    VALUES (%s, %s, %s, %s)
    , parameters: ('Python Programming and SQL: 5 books in 1 - The #1 Coding Course from Beginner to Advanced. Learn it Well & Fast (2024) (Computer Programming)', 'Paperback', '29.', '4.3 out of 5 stars')
[2024-07-08T17:20:40.598+0000] {sql.py:496} INFO - Rows affected: 1
[2024-07-08T17:20:40.623+0000] {base.py:84} INFO - Using connection ID 'books_connection' for task execution.
[2024-07-08T17:20:40.666+0000] {sql.py:487} INFO - Running statement: 
    INSERT INTO books (title, authors, price, rating)
    VALUES (%s, %s, %s, %s)
    , parameters: ('Modern Data Engineering with Apache Spark: A Hands-On Guide for Building Mission-Critical Streaming Applications', 'Scott Haines', '30.', '4.1 out of 5 stars')
[2024-07-08T17:20:40.675+0000] {sql.py:496} INFO - Rows affected: 1
[2024-07-08T17:20:40.752+0000] {base.py:84} INFO - Using connection ID 'books_connection' for task execution.
[2024-07-08T17:20:40.797+0000] {sql.py:487} INFO - Running statement: 
    INSERT INTO books (title, authors, price, rating)
    VALUES (%s, %s, %s, %s)
    , parameters: ('Data Engineering with Scala and Spark: Build streaming and batch pipelines that process massive amounts of data using Scala', 'Eric Tome', '36.', '4.3 out of 5 stars')
[2024-07-08T17:20:40.819+0000] {sql.py:496} INFO - Rows affected: 1
[2024-07-08T17:20:40.913+0000] {base.py:84} INFO - Using connection ID 'books_connection' for task execution.
[2024-07-08T17:20:41.011+0000] {sql.py:487} INFO - Running statement: 
    INSERT INTO books (title, authors, price, rating)
    VALUES (%s, %s, %s, %s)
    , parameters: ('Data Science (The MIT Press Essential Knowledge series)', 'Paperback', '10.', '4.4 out of 5 stars')
[2024-07-08T17:20:41.059+0000] {sql.py:496} INFO - Rows affected: 1
[2024-07-08T17:20:41.171+0000] {base.py:84} INFO - Using connection ID 'books_connection' for task execution.
[2024-07-08T17:20:41.246+0000] {sql.py:487} INFO - Running statement: 
    INSERT INTO books (title, authors, price, rating)
    VALUES (%s, %s, %s, %s)
    , parameters: ('Data Stewardship: An Actionable Guide to Effective Data Management and Data Governance', 'Paperback', '46.', '4.7 out of 5 stars')
[2024-07-08T17:20:41.282+0000] {sql.py:496} INFO - Rows affected: 1
[2024-07-08T17:20:41.356+0000] {base.py:84} INFO - Using connection ID 'books_connection' for task execution.
[2024-07-08T17:20:41.423+0000] {sql.py:487} INFO - Running statement: 
    INSERT INTO books (title, authors, price, rating)
    VALUES (%s, %s, %s, %s)
    , parameters: ('Data Engineering with Databricks', 'Paperback', '25.', '3.2 out of 5 stars')
[2024-07-08T17:20:41.436+0000] {sql.py:496} INFO - Rows affected: 1
[2024-07-08T17:20:41.729+0000] {base.py:84} INFO - Using connection ID 'books_connection' for task execution.
[2024-07-08T17:20:41.881+0000] {sql.py:487} INFO - Running statement: 
    INSERT INTO books (title, authors, price, rating)
    VALUES (%s, %s, %s, %s)
    , parameters: ('Machine Learning Engineering with Python - Second Edition: Manage the lifecycle of machine learning models using MLOps with practical examples', 'Paperback', '32.', '4.7 out of 5 stars')
[2024-07-08T17:20:41.920+0000] {sql.py:496} INFO - Rows affected: 1
[2024-07-08T17:20:42.150+0000] {base.py:84} INFO - Using connection ID 'books_connection' for task execution.
[2024-07-08T17:20:42.385+0000] {sql.py:487} INFO - Running statement: 
    INSERT INTO books (title, authors, price, rating)
    VALUES (%s, %s, %s, %s)
    , parameters: ("Data Quality Fundamentals: A Practitioner's Guide to Building Trustworthy Data Pipelines", 'Paperback', '45.', '4.2 out of 5 stars')
[2024-07-08T17:20:42.494+0000] {sql.py:496} INFO - Rows affected: 1
[2024-07-08T17:20:42.737+0000] {base.py:84} INFO - Using connection ID 'books_connection' for task execution.
[2024-07-08T17:20:42.810+0000] {sql.py:487} INFO - Running statement: 
    INSERT INTO books (title, authors, price, rating)
    VALUES (%s, %s, %s, %s)
    , parameters: ('Analytics Engineering with SQL and dbt: Building Meaningful Data Models at Scale', 'Helder Russa', '47.', '3.8 out of 5 stars')
[2024-07-08T17:20:42.837+0000] {sql.py:496} INFO - Rows affected: 1
[2024-07-08T17:20:42.994+0000] {base.py:84} INFO - Using connection ID 'books_connection' for task execution.
[2024-07-08T17:20:43.047+0000] {sql.py:487} INFO - Running statement: 
    INSERT INTO books (title, authors, price, rating)
    VALUES (%s, %s, %s, %s)
    , parameters: ('Ultimate Data Engineering with Databricks', 'Mayank Malhotra', '18.', '3.8 out of 5 stars')
[2024-07-08T17:20:43.064+0000] {sql.py:496} INFO - Rows affected: 1
[2024-07-08T17:20:43.203+0000] {base.py:84} INFO - Using connection ID 'books_connection' for task execution.
[2024-07-08T17:20:43.244+0000] {sql.py:487} INFO - Running statement: 
    INSERT INTO books (title, authors, price, rating)
    VALUES (%s, %s, %s, %s)
    , parameters: ("SQL QuickStart Guide: The Simplified Beginner's Guide to Managing, Analyzing, and Manipulating Data With SQL (Coding & Programming - QuickStart Guides)", 'Paperback', '23.', '4.6 out of 5 stars')
[2024-07-08T17:20:43.264+0000] {sql.py:496} INFO - Rows affected: 1
[2024-07-08T17:20:43.337+0000] {base.py:84} INFO - Using connection ID 'books_connection' for task execution.
[2024-07-08T17:20:43.381+0000] {sql.py:487} INFO - Running statement: 
    INSERT INTO books (title, authors, price, rating)
    VALUES (%s, %s, %s, %s)
    , parameters: ('Official Google Cloud Certified Professional Data Engineer Study Guide', 'Dan Sullivan', '33.', '4.5 out of 5 stars')
[2024-07-08T17:20:43.397+0000] {sql.py:496} INFO - Rows affected: 1
[2024-07-08T17:20:43.504+0000] {base.py:84} INFO - Using connection ID 'books_connection' for task execution.
[2024-07-08T17:20:43.533+0000] {sql.py:487} INFO - Running statement: 
    INSERT INTO books (title, authors, price, rating)
    VALUES (%s, %s, %s, %s)
    , parameters: ('The Enterprise Data Catalog: Improve Data Discovery, Ensure Data Governance, and Enable Innovation', 'Ole Olesen-Bagneux', '31.', '4.4 out of 5 stars')
[2024-07-08T17:20:43.540+0000] {sql.py:496} INFO - Rows affected: 1
[2024-07-08T17:20:43.614+0000] {base.py:84} INFO - Using connection ID 'books_connection' for task execution.
[2024-07-08T17:20:43.633+0000] {sql.py:487} INFO - Running statement: 
    INSERT INTO books (title, authors, price, rating)
    VALUES (%s, %s, %s, %s)
    , parameters: ('Azure Data Engineer Associate Certification Guide: A hands-on reference guide to developing your data engineering skills and preparing for the DP-203 exam', 'Newton Alex', '54.', '3.9 out of 5 stars')
[2024-07-08T17:20:43.648+0000] {sql.py:496} INFO - Rows affected: 1
[2024-07-08T17:20:43.702+0000] {base.py:84} INFO - Using connection ID 'books_connection' for task execution.
[2024-07-08T17:20:43.730+0000] {sql.py:487} INFO - Running statement: 
    INSERT INTO books (title, authors, price, rating)
    VALUES (%s, %s, %s, %s)
    , parameters: ('Data Science on AWS: Implementing End-to-End, Continuous AI and Machine Learning Pipelines', 'Chris Fregly', '43.', '4.5 out of 5 stars')
[2024-07-08T17:20:43.736+0000] {sql.py:496} INFO - Rows affected: 1
[2024-07-08T17:20:43.806+0000] {base.py:84} INFO - Using connection ID 'books_connection' for task execution.
[2024-07-08T17:20:43.879+0000] {sql.py:487} INFO - Running statement: 
    INSERT INTO books (title, authors, price, rating)
    VALUES (%s, %s, %s, %s)
    , parameters: ("I Am Datapedia!: Without knowing what data is, it's impossible to do Analytics or AI", 'Paperback', '29.', '5.0 out of 5 stars')
[2024-07-08T17:20:43.936+0000] {sql.py:496} INFO - Rows affected: 1
[2024-07-08T17:20:43.986+0000] {python.py:237} INFO - Done. Returned value was: None
[2024-07-08T17:20:44.001+0000] {taskinstance.py:441} INFO - ::group::Post task execution logs
[2024-07-08T17:20:44.331+0000] {taskinstance.py:1206} INFO - Marking task as SUCCESS. dag_id=fetch_and_store_amazon_books, task_id=insert_book_data, run_id=manual__2024-07-08T17:17:33.534852+00:00, execution_date=20240708T171733, start_date=20240708T172025, end_date=20240708T172044
[2024-07-08T17:20:44.968+0000] {local_task_job_runner.py:240} INFO - Task exited with return code 0
[2024-07-08T17:20:45.434+0000] {local_task_job_runner.py:222} INFO - ::endgroup::
