[2024-07-08T18:30:46.923+0000] {local_task_job_runner.py:120} INFO - ::group::Pre task execution logs
[2024-07-08T18:30:46.939+0000] {taskinstance.py:2076} INFO - Dependencies all met for dep_context=non-requeueable deps ti=<TaskInstance: fetch_and_store_amazon_books.fetch_book_data manual__2024-07-08T18:19:54.833403+00:00 [queued]>
[2024-07-08T18:30:46.944+0000] {taskinstance.py:2076} INFO - Dependencies all met for dep_context=requeueable deps ti=<TaskInstance: fetch_and_store_amazon_books.fetch_book_data manual__2024-07-08T18:19:54.833403+00:00 [queued]>
[2024-07-08T18:30:46.944+0000] {taskinstance.py:2306} INFO - Starting attempt 2 of 2
[2024-07-08T18:30:46.951+0000] {taskinstance.py:2330} INFO - Executing <Task(PythonOperator): fetch_book_data> on 2024-07-08 18:19:54.833403+00:00
[2024-07-08T18:30:46.959+0000] {warnings.py:112} WARNING - /home/***/.local/lib/python3.12/site-packages/***/task/task_runner/standard_task_runner.py:61: DeprecationWarning: This process (pid=194) is multi-threaded, use of fork() may lead to deadlocks in the child.
  pid = os.fork()

[2024-07-08T18:30:46.960+0000] {standard_task_runner.py:63} INFO - Started process 196 to run task
[2024-07-08T18:30:46.960+0000] {standard_task_runner.py:90} INFO - Running: ['***', 'tasks', 'run', 'fetch_and_store_amazon_books', 'fetch_book_data', 'manual__2024-07-08T18:19:54.833403+00:00', '--job-id', '108', '--raw', '--subdir', 'DAGS_FOLDER/app.py', '--cfg-path', '/tmp/tmp_bsz7qz7']
[2024-07-08T18:30:46.961+0000] {standard_task_runner.py:91} INFO - Job 108: Subtask fetch_book_data
[2024-07-08T18:30:46.991+0000] {task_command.py:426} INFO - Running <TaskInstance: fetch_and_store_amazon_books.fetch_book_data manual__2024-07-08T18:19:54.833403+00:00 [running]> on host e7c2148586a4
[2024-07-08T18:30:47.038+0000] {taskinstance.py:2648} INFO - Exporting env vars: AIRFLOW_CTX_DAG_OWNER='***' AIRFLOW_CTX_DAG_ID='fetch_and_store_amazon_books' AIRFLOW_CTX_TASK_ID='fetch_book_data' AIRFLOW_CTX_EXECUTION_DATE='2024-07-08T18:19:54.833403+00:00' AIRFLOW_CTX_TRY_NUMBER='2' AIRFLOW_CTX_DAG_RUN_ID='manual__2024-07-08T18:19:54.833403+00:00'
[2024-07-08T18:30:47.039+0000] {taskinstance.py:430} INFO - ::endgroup::
[2024-07-08T18:30:47.800+0000] {logging_mixin.py:188} INFO - Failed to retrieve the page
[2024-07-08T18:30:47.827+0000] {python.py:237} INFO - Done. Returned value was: None
[2024-07-08T18:30:47.828+0000] {taskinstance.py:441} INFO - ::group::Post task execution logs
[2024-07-08T18:30:47.836+0000] {taskinstance.py:1206} INFO - Marking task as SUCCESS. dag_id=fetch_and_store_amazon_books, task_id=fetch_book_data, run_id=manual__2024-07-08T18:19:54.833403+00:00, execution_date=20240708T181954, start_date=20240708T183046, end_date=20240708T183047
[2024-07-08T18:30:47.885+0000] {local_task_job_runner.py:240} INFO - Task exited with return code 0
[2024-07-08T18:30:47.894+0000] {warnings.py:112} WARNING - /home/***/.local/lib/python3.12/site-packages/***/models/baseoperator.py:1297: AirflowProviderDeprecationWarning: Call to deprecated class PostgresOperator. (Please use `***.providers.common.sql.operators.sql.SQLExecuteQueryOperator`.Also, you can provide `hook_params={'schema': <database>}`.)
  result = cls.__new__(cls)

[2024-07-08T18:30:47.908+0000] {taskinstance.py:3503} INFO - 1 downstream tasks scheduled from follow-on schedule check
[2024-07-08T18:30:47.909+0000] {local_task_job_runner.py:222} INFO - ::endgroup::
