[2024-07-08T17:19:00.084+0000] {local_task_job_runner.py:120} INFO - ::group::Pre task execution logs
[2024-07-08T17:19:00.830+0000] {taskinstance.py:2076} INFO - Dependencies all met for dep_context=non-requeueable deps ti=<TaskInstance: fetch_and_store_amazon_books.fetch_book_data scheduled__2024-07-03T00:00:00+00:00 [queued]>
[2024-07-08T17:19:01.031+0000] {taskinstance.py:2076} INFO - Dependencies all met for dep_context=requeueable deps ti=<TaskInstance: fetch_and_store_amazon_books.fetch_book_data scheduled__2024-07-03T00:00:00+00:00 [queued]>
[2024-07-08T17:19:01.046+0000] {taskinstance.py:2306} INFO - Starting attempt 1 of 2
[2024-07-08T17:19:01.296+0000] {taskinstance.py:2330} INFO - Executing <Task(PythonOperator): fetch_book_data> on 2024-07-03 00:00:00+00:00
[2024-07-08T17:19:01.694+0000] {warnings.py:112} WARNING - /home/***/.local/lib/python3.12/site-packages/***/task/task_runner/standard_task_runner.py:61: DeprecationWarning: This process (pid=210) is multi-threaded, use of fork() may lead to deadlocks in the child.
  pid = os.fork()

[2024-07-08T17:19:01.721+0000] {standard_task_runner.py:63} INFO - Started process 246 to run task
[2024-07-08T17:19:01.704+0000] {standard_task_runner.py:90} INFO - Running: ['***', 'tasks', 'run', 'fetch_and_store_amazon_books', 'fetch_book_data', 'scheduled__2024-07-03T00:00:00+00:00', '--job-id', '12', '--raw', '--subdir', 'DAGS_FOLDER/app.py', '--cfg-path', '/tmp/tmpi37652ev']
[2024-07-08T17:19:01.733+0000] {standard_task_runner.py:91} INFO - Job 12: Subtask fetch_book_data
[2024-07-08T17:19:03.505+0000] {task_command.py:426} INFO - Running <TaskInstance: fetch_and_store_amazon_books.fetch_book_data scheduled__2024-07-03T00:00:00+00:00 [running]> on host 75379950ed90
[2024-07-08T17:19:04.855+0000] {taskinstance.py:2648} INFO - Exporting env vars: AIRFLOW_CTX_DAG_OWNER='***' AIRFLOW_CTX_DAG_ID='fetch_and_store_amazon_books' AIRFLOW_CTX_TASK_ID='fetch_book_data' AIRFLOW_CTX_EXECUTION_DATE='2024-07-03T00:00:00+00:00' AIRFLOW_CTX_TRY_NUMBER='1' AIRFLOW_CTX_DAG_RUN_ID='scheduled__2024-07-03T00:00:00+00:00'
[2024-07-08T17:19:04.876+0000] {taskinstance.py:430} INFO - ::endgroup::
[2024-07-08T17:19:06.998+0000] {logging_mixin.py:188} INFO - Failed to retrieve the page
[2024-07-08T17:19:07.724+0000] {python.py:237} INFO - Done. Returned value was: None
[2024-07-08T17:19:07.740+0000] {taskinstance.py:441} INFO - ::group::Post task execution logs
[2024-07-08T17:19:07.875+0000] {taskinstance.py:1206} INFO - Marking task as SUCCESS. dag_id=fetch_and_store_amazon_books, task_id=fetch_book_data, run_id=scheduled__2024-07-03T00:00:00+00:00, execution_date=20240703T000000, start_date=20240708T171900, end_date=20240708T171907
[2024-07-08T17:19:09.097+0000] {local_task_job_runner.py:240} INFO - Task exited with return code 0
[2024-07-08T17:19:09.358+0000] {warnings.py:112} WARNING - /home/***/.local/lib/python3.12/site-packages/***/models/baseoperator.py:1297: AirflowProviderDeprecationWarning: Call to deprecated class PostgresOperator. (Please use `***.providers.common.sql.operators.sql.SQLExecuteQueryOperator`.Also, you can provide `hook_params={'schema': <database>}`.)
  result = cls.__new__(cls)

[2024-07-08T17:19:09.509+0000] {taskinstance.py:3503} INFO - 1 downstream tasks scheduled from follow-on schedule check
[2024-07-08T17:19:09.512+0000] {local_task_job_runner.py:222} INFO - ::endgroup::
