[2024-07-08T17:24:04.412+0000] {local_task_job_runner.py:120} INFO - ::group::Pre task execution logs
[2024-07-08T17:24:04.747+0000] {taskinstance.py:2076} INFO - Dependencies all met for dep_context=non-requeueable deps ti=<TaskInstance: fetch_and_store_amazon_books.create_table scheduled__2024-06-25T00:00:00+00:00 [queued]>
[2024-07-08T17:24:04.803+0000] {taskinstance.py:2076} INFO - Dependencies all met for dep_context=requeueable deps ti=<TaskInstance: fetch_and_store_amazon_books.create_table scheduled__2024-06-25T00:00:00+00:00 [queued]>
[2024-07-08T17:24:04.806+0000] {taskinstance.py:2306} INFO - Starting attempt 1 of 2
[2024-07-08T17:24:04.869+0000] {taskinstance.py:2330} INFO - Executing <Task(PostgresOperator): create_table> on 2024-06-25 00:00:00+00:00
[2024-07-08T17:24:04.976+0000] {warnings.py:112} WARNING - /home/***/.local/lib/python3.12/site-packages/***/task/task_runner/standard_task_runner.py:61: DeprecationWarning: This process (pid=358) is multi-threaded, use of fork() may lead to deadlocks in the child.
  pid = os.fork()

[2024-07-08T17:24:05.001+0000] {standard_task_runner.py:63} INFO - Started process 376 to run task
[2024-07-08T17:24:05.068+0000] {standard_task_runner.py:90} INFO - Running: ['***', 'tasks', 'run', 'fetch_and_store_amazon_books', 'create_table', 'scheduled__2024-06-25T00:00:00+00:00', '--job-id', '36', '--raw', '--subdir', 'DAGS_FOLDER/app.py', '--cfg-path', '/tmp/tmpzhv1_0pw']
[2024-07-08T17:24:05.078+0000] {standard_task_runner.py:91} INFO - Job 36: Subtask create_table
[2024-07-08T17:24:05.754+0000] {task_command.py:426} INFO - Running <TaskInstance: fetch_and_store_amazon_books.create_table scheduled__2024-06-25T00:00:00+00:00 [running]> on host 75379950ed90
[2024-07-08T17:24:06.712+0000] {taskinstance.py:2648} INFO - Exporting env vars: AIRFLOW_CTX_DAG_OWNER='***' AIRFLOW_CTX_DAG_ID='fetch_and_store_amazon_books' AIRFLOW_CTX_TASK_ID='create_table' AIRFLOW_CTX_EXECUTION_DATE='2024-06-25T00:00:00+00:00' AIRFLOW_CTX_TRY_NUMBER='1' AIRFLOW_CTX_DAG_RUN_ID='scheduled__2024-06-25T00:00:00+00:00'
[2024-07-08T17:24:06.738+0000] {taskinstance.py:430} INFO - ::endgroup::
[2024-07-08T17:24:06.749+0000] {sql.py:276} INFO - Executing: 
    CREATE TABLE IF NOT EXISTS books (
        id SERIAL PRIMARY KEY,
        title TEXT NOT NULL,
        authors TEXT,
        price TEXT,
        rating TEXT
    );
    
[2024-07-08T17:24:06.868+0000] {base.py:84} INFO - Using connection ID 'books_connection' for task execution.
[2024-07-08T17:24:07.036+0000] {base.py:84} INFO - Using connection ID 'books_connection' for task execution.
[2024-07-08T17:24:07.120+0000] {sql.py:487} INFO - Running statement: 
    CREATE TABLE IF NOT EXISTS books (
        id SERIAL PRIMARY KEY,
        title TEXT NOT NULL,
        authors TEXT,
        price TEXT,
        rating TEXT
    );
    , parameters: None
[2024-07-08T17:24:07.131+0000] {taskinstance.py:441} INFO - ::group::Post task execution logs
[2024-07-08T17:24:07.392+0000] {taskinstance.py:1206} INFO - Marking task as SUCCESS. dag_id=fetch_and_store_amazon_books, task_id=create_table, run_id=scheduled__2024-06-25T00:00:00+00:00, execution_date=20240625T000000, start_date=20240708T172404, end_date=20240708T172407
[2024-07-08T17:24:07.550+0000] {local_task_job_runner.py:240} INFO - Task exited with return code 0
[2024-07-08T17:24:07.778+0000] {local_task_job_runner.py:222} INFO - ::endgroup::
